ARM GAS  C:\Users\MARLOK~1\AppData\Local\Temp\ccquMV5F.s 			page 1


   1              		.syntax unified
   2              		.cpu cortex-m0
   3              		.fpu softvfp
   4              		.eabi_attribute 20, 1
   5              		.eabi_attribute 21, 1
   6              		.eabi_attribute 23, 3
   7              		.eabi_attribute 24, 1
   8              		.eabi_attribute 25, 1
   9              		.eabi_attribute 26, 1
  10              		.eabi_attribute 30, 4
  11              		.eabi_attribute 34, 0
  12              		.eabi_attribute 18, 4
  13              		.thumb
  14              		.syntax unified
  15              		.file	"ACC.c"
  16              		.text
  17              	.Ltext0:
  18              		.cfi_sections	.debug_frame
  19              		.section	.text.ACC_SetDriveMode,"ax",%progbits
  20              		.align	1
  21              		.global	ACC_SetDriveMode
  22              		.code	16
  23              		.thumb_func
  24              		.type	ACC_SetDriveMode, %function
  25              	ACC_SetDriveMode:
  26              	.LFB0:
  27              		.file 1 "Generated_Source\\PSoC4\\ACC.c"
   1:Generated_Source\PSoC4/ACC.c **** /*******************************************************************************
   2:Generated_Source\PSoC4/ACC.c **** * File Name: ACC.c  
   3:Generated_Source\PSoC4/ACC.c **** * Version 2.20
   4:Generated_Source\PSoC4/ACC.c **** *
   5:Generated_Source\PSoC4/ACC.c **** * Description:
   6:Generated_Source\PSoC4/ACC.c **** *  This file contains API to enable firmware control of a Pins component.
   7:Generated_Source\PSoC4/ACC.c **** *
   8:Generated_Source\PSoC4/ACC.c **** ********************************************************************************
   9:Generated_Source\PSoC4/ACC.c **** * Copyright 2008-2015, Cypress Semiconductor Corporation.  All rights reserved.
  10:Generated_Source\PSoC4/ACC.c **** * You may use this file only in accordance with the license, terms, conditions, 
  11:Generated_Source\PSoC4/ACC.c **** * disclaimers, and limitations in the end user license agreement accompanying 
  12:Generated_Source\PSoC4/ACC.c **** * the software package with which this file was provided.
  13:Generated_Source\PSoC4/ACC.c **** *******************************************************************************/
  14:Generated_Source\PSoC4/ACC.c **** 
  15:Generated_Source\PSoC4/ACC.c **** #include "cytypes.h"
  16:Generated_Source\PSoC4/ACC.c **** #include "ACC.h"
  17:Generated_Source\PSoC4/ACC.c **** 
  18:Generated_Source\PSoC4/ACC.c **** 
  19:Generated_Source\PSoC4/ACC.c **** #if defined(ACC__PC)
  20:Generated_Source\PSoC4/ACC.c ****     #define ACC_SetP4PinDriveMode(shift, mode)  \
  21:Generated_Source\PSoC4/ACC.c ****     do { \
  22:Generated_Source\PSoC4/ACC.c ****         ACC_PC =   (ACC_PC & \
  23:Generated_Source\PSoC4/ACC.c ****                                 (uint32)(~(uint32)(ACC_DRIVE_MODE_IND_MASK << \
  24:Generated_Source\PSoC4/ACC.c ****                                 (ACC_DRIVE_MODE_BITS * (shift))))) | \
  25:Generated_Source\PSoC4/ACC.c ****                                 (uint32)((uint32)(mode) << \
  26:Generated_Source\PSoC4/ACC.c ****                                 (ACC_DRIVE_MODE_BITS * (shift))); \
  27:Generated_Source\PSoC4/ACC.c ****     } while (0)
  28:Generated_Source\PSoC4/ACC.c **** #else
  29:Generated_Source\PSoC4/ACC.c ****     #if (CY_PSOC4_4200L)
  30:Generated_Source\PSoC4/ACC.c ****         #define ACC_SetP4PinDriveMode(shift, mode)  \
ARM GAS  C:\Users\MARLOK~1\AppData\Local\Temp\ccquMV5F.s 			page 2


  31:Generated_Source\PSoC4/ACC.c ****         do { \
  32:Generated_Source\PSoC4/ACC.c ****             ACC_USBIO_CTRL_REG = (ACC_USBIO_CTRL_REG & \
  33:Generated_Source\PSoC4/ACC.c ****                                     (uint32)(~(uint32)(ACC_DRIVE_MODE_IND_MASK << \
  34:Generated_Source\PSoC4/ACC.c ****                                     (ACC_DRIVE_MODE_BITS * (shift))))) | \
  35:Generated_Source\PSoC4/ACC.c ****                                     (uint32)((uint32)(mode) << \
  36:Generated_Source\PSoC4/ACC.c ****                                     (ACC_DRIVE_MODE_BITS * (shift))); \
  37:Generated_Source\PSoC4/ACC.c ****         } while (0)
  38:Generated_Source\PSoC4/ACC.c ****     #endif
  39:Generated_Source\PSoC4/ACC.c **** #endif
  40:Generated_Source\PSoC4/ACC.c ****   
  41:Generated_Source\PSoC4/ACC.c **** 
  42:Generated_Source\PSoC4/ACC.c **** #if defined(ACC__PC) || (CY_PSOC4_4200L) 
  43:Generated_Source\PSoC4/ACC.c ****     /*******************************************************************************
  44:Generated_Source\PSoC4/ACC.c ****     * Function Name: ACC_SetDriveMode
  45:Generated_Source\PSoC4/ACC.c ****     ****************************************************************************//**
  46:Generated_Source\PSoC4/ACC.c ****     *
  47:Generated_Source\PSoC4/ACC.c ****     * \brief Sets the drive mode for each of the Pins component's pins.
  48:Generated_Source\PSoC4/ACC.c ****     * 
  49:Generated_Source\PSoC4/ACC.c ****     * <b>Note</b> This affects all pins in the Pins component instance. Use the
  50:Generated_Source\PSoC4/ACC.c ****     * Per-Pin APIs if you wish to control individual pin's drive modes.
  51:Generated_Source\PSoC4/ACC.c ****     *
  52:Generated_Source\PSoC4/ACC.c ****     * <b>Note</b> USBIOs have limited drive functionality. Refer to the Drive Mode
  53:Generated_Source\PSoC4/ACC.c ****     * parameter for more information.
  54:Generated_Source\PSoC4/ACC.c ****     *
  55:Generated_Source\PSoC4/ACC.c ****     * \param mode
  56:Generated_Source\PSoC4/ACC.c ****     *  Mode for the selected signals. Valid options are documented in 
  57:Generated_Source\PSoC4/ACC.c ****     *  \ref driveMode.
  58:Generated_Source\PSoC4/ACC.c ****     *
  59:Generated_Source\PSoC4/ACC.c ****     * \return
  60:Generated_Source\PSoC4/ACC.c ****     *  None
  61:Generated_Source\PSoC4/ACC.c ****     *
  62:Generated_Source\PSoC4/ACC.c ****     * \sideeffect
  63:Generated_Source\PSoC4/ACC.c ****     *  If you use read-modify-write operations that are not atomic, the ISR can
  64:Generated_Source\PSoC4/ACC.c ****     *  cause corruption of this function. An ISR that interrupts this function 
  65:Generated_Source\PSoC4/ACC.c ****     *  and performs writes to the Pins component Drive Mode registers can cause 
  66:Generated_Source\PSoC4/ACC.c ****     *  corrupted port data. To avoid this issue, you should either use the Per-Pin
  67:Generated_Source\PSoC4/ACC.c ****     *  APIs (primary method) or disable interrupts around this function.
  68:Generated_Source\PSoC4/ACC.c ****     *
  69:Generated_Source\PSoC4/ACC.c ****     * \funcusage
  70:Generated_Source\PSoC4/ACC.c ****     *  \snippet ACC_SUT.c usage_ACC_SetDriveMode
  71:Generated_Source\PSoC4/ACC.c ****     *******************************************************************************/
  72:Generated_Source\PSoC4/ACC.c ****     void ACC_SetDriveMode(uint8 mode)
  73:Generated_Source\PSoC4/ACC.c ****     {
  28              		.loc 1 73 0
  29              		.cfi_startproc
  30              		@ args = 0, pretend = 0, frame = 0
  31              		@ frame_needed = 0, uses_anonymous_args = 0
  32              		@ link register save eliminated.
  33              	.LVL0:
  74:Generated_Source\PSoC4/ACC.c **** 		ACC_SetP4PinDriveMode(ACC__0__SHIFT, mode);
  34              		.loc 1 74 0
  35 0000 064B     		ldr	r3, .L2
  36 0002 074A     		ldr	r2, .L2+4
  37 0004 1968     		ldr	r1, [r3]
  75:Generated_Source\PSoC4/ACC.c **** 		ACC_SetP4PinDriveMode(ACC__1__SHIFT, mode);
  76:Generated_Source\PSoC4/ACC.c ****     }
  38              		.loc 1 76 0
ARM GAS  C:\Users\MARLOK~1\AppData\Local\Temp\ccquMV5F.s 			page 3


  39              		@ sp needed
  74:Generated_Source\PSoC4/ACC.c **** 		ACC_SetP4PinDriveMode(ACC__0__SHIFT, mode);
  40              		.loc 1 74 0
  41 0006 0A40     		ands	r2, r1
  42 0008 4102     		lsls	r1, r0, #9
  43 000a 0A43     		orrs	r2, r1
  44 000c 1A60     		str	r2, [r3]
  75:Generated_Source\PSoC4/ACC.c **** 		ACC_SetP4PinDriveMode(ACC__1__SHIFT, mode);
  45              		.loc 1 75 0
  46 000e 1968     		ldr	r1, [r3]
  47 0010 044A     		ldr	r2, .L2+8
  48 0012 0003     		lsls	r0, r0, #12
  49              	.LVL1:
  50 0014 0A40     		ands	r2, r1
  51 0016 1043     		orrs	r0, r2
  52 0018 1860     		str	r0, [r3]
  53              		.loc 1 76 0
  54 001a 7047     		bx	lr
  55              	.L3:
  56              		.align	2
  57              	.L2:
  58 001c 08030440 		.word	1074004744
  59 0020 FFF1FFFF 		.word	-3585
  60 0024 FF8FFFFF 		.word	-28673
  61              		.cfi_endproc
  62              	.LFE0:
  63              		.size	ACC_SetDriveMode, .-ACC_SetDriveMode
  64              		.section	.text.ACC_Write,"ax",%progbits
  65              		.align	1
  66              		.global	ACC_Write
  67              		.code	16
  68              		.thumb_func
  69              		.type	ACC_Write, %function
  70              	ACC_Write:
  71              	.LFB1:
  77:Generated_Source\PSoC4/ACC.c **** #endif
  78:Generated_Source\PSoC4/ACC.c **** 
  79:Generated_Source\PSoC4/ACC.c **** 
  80:Generated_Source\PSoC4/ACC.c **** /*******************************************************************************
  81:Generated_Source\PSoC4/ACC.c **** * Function Name: ACC_Write
  82:Generated_Source\PSoC4/ACC.c **** ****************************************************************************//**
  83:Generated_Source\PSoC4/ACC.c **** *
  84:Generated_Source\PSoC4/ACC.c **** * \brief Writes the value to the physical port (data output register), masking
  85:Generated_Source\PSoC4/ACC.c **** *  and shifting the bits appropriately. 
  86:Generated_Source\PSoC4/ACC.c **** *
  87:Generated_Source\PSoC4/ACC.c **** * The data output register controls the signal applied to the physical pin in 
  88:Generated_Source\PSoC4/ACC.c **** * conjunction with the drive mode parameter. This function avoids changing 
  89:Generated_Source\PSoC4/ACC.c **** * other bits in the port by using the appropriate method (read-modify-write or
  90:Generated_Source\PSoC4/ACC.c **** * bit banding).
  91:Generated_Source\PSoC4/ACC.c **** *
  92:Generated_Source\PSoC4/ACC.c **** * <b>Note</b> This function should not be used on a hardware digital output pin 
  93:Generated_Source\PSoC4/ACC.c **** * as it is driven by the hardware signal attached to it.
  94:Generated_Source\PSoC4/ACC.c **** *
  95:Generated_Source\PSoC4/ACC.c **** * \param value
  96:Generated_Source\PSoC4/ACC.c **** *  Value to write to the component instance.
  97:Generated_Source\PSoC4/ACC.c **** *
  98:Generated_Source\PSoC4/ACC.c **** * \return 
ARM GAS  C:\Users\MARLOK~1\AppData\Local\Temp\ccquMV5F.s 			page 4


  99:Generated_Source\PSoC4/ACC.c **** *  None 
 100:Generated_Source\PSoC4/ACC.c **** *
 101:Generated_Source\PSoC4/ACC.c **** * \sideeffect
 102:Generated_Source\PSoC4/ACC.c **** *  If you use read-modify-write operations that are not atomic; the Interrupt 
 103:Generated_Source\PSoC4/ACC.c **** *  Service Routines (ISR) can cause corruption of this function. An ISR that 
 104:Generated_Source\PSoC4/ACC.c **** *  interrupts this function and performs writes to the Pins component data 
 105:Generated_Source\PSoC4/ACC.c **** *  register can cause corrupted port data. To avoid this issue, you should 
 106:Generated_Source\PSoC4/ACC.c **** *  either use the Per-Pin APIs (primary method) or disable interrupts around 
 107:Generated_Source\PSoC4/ACC.c **** *  this function.
 108:Generated_Source\PSoC4/ACC.c **** *
 109:Generated_Source\PSoC4/ACC.c **** * \funcusage
 110:Generated_Source\PSoC4/ACC.c **** *  \snippet ACC_SUT.c usage_ACC_Write
 111:Generated_Source\PSoC4/ACC.c **** *******************************************************************************/
 112:Generated_Source\PSoC4/ACC.c **** void ACC_Write(uint8 value)
 113:Generated_Source\PSoC4/ACC.c **** {
  72              		.loc 1 113 0
  73              		.cfi_startproc
  74              		@ args = 0, pretend = 0, frame = 0
  75              		@ frame_needed = 0, uses_anonymous_args = 0
  76              		@ link register save eliminated.
  77              	.LVL2:
 114:Generated_Source\PSoC4/ACC.c ****     uint8 drVal = (uint8)(ACC_DR & (uint8)(~ACC_MASK));
  78              		.loc 1 114 0
  79 0000 1823     		movs	r3, #24
  80 0002 0449     		ldr	r1, .L5
 115:Generated_Source\PSoC4/ACC.c ****     drVal = (drVal | ((uint8)(value << ACC_SHIFT) & ACC_MASK));
 116:Generated_Source\PSoC4/ACC.c ****     ACC_DR = (uint32)drVal;
  81              		.loc 1 116 0
  82 0004 C000     		lsls	r0, r0, #3
  83              	.LVL3:
 114:Generated_Source\PSoC4/ACC.c ****     uint8 drVal = (uint8)(ACC_DR & (uint8)(~ACC_MASK));
  84              		.loc 1 114 0
  85 0006 0A68     		ldr	r2, [r1]
 117:Generated_Source\PSoC4/ACC.c **** }
  86              		.loc 1 117 0
  87              		@ sp needed
 114:Generated_Source\PSoC4/ACC.c ****     uint8 drVal = (uint8)(ACC_DR & (uint8)(~ACC_MASK));
  88              		.loc 1 114 0
  89 0008 9A43     		bics	r2, r3
  90 000a D2B2     		uxtb	r2, r2
 116:Generated_Source\PSoC4/ACC.c **** }
  91              		.loc 1 116 0
  92 000c 0340     		ands	r3, r0
  93 000e 1343     		orrs	r3, r2
  94 0010 0B60     		str	r3, [r1]
  95              		.loc 1 117 0
  96 0012 7047     		bx	lr
  97              	.L6:
  98              		.align	2
  99              	.L5:
 100 0014 00030440 		.word	1074004736
 101              		.cfi_endproc
 102              	.LFE1:
 103              		.size	ACC_Write, .-ACC_Write
 104              		.section	.text.ACC_Read,"ax",%progbits
 105              		.align	1
 106              		.global	ACC_Read
ARM GAS  C:\Users\MARLOK~1\AppData\Local\Temp\ccquMV5F.s 			page 5


 107              		.code	16
 108              		.thumb_func
 109              		.type	ACC_Read, %function
 110              	ACC_Read:
 111              	.LFB2:
 118:Generated_Source\PSoC4/ACC.c **** 
 119:Generated_Source\PSoC4/ACC.c **** 
 120:Generated_Source\PSoC4/ACC.c **** /*******************************************************************************
 121:Generated_Source\PSoC4/ACC.c **** * Function Name: ACC_Read
 122:Generated_Source\PSoC4/ACC.c **** ****************************************************************************//**
 123:Generated_Source\PSoC4/ACC.c **** *
 124:Generated_Source\PSoC4/ACC.c **** * \brief Reads the associated physical port (pin status register) and masks 
 125:Generated_Source\PSoC4/ACC.c **** *  the required bits according to the width and bit position of the component
 126:Generated_Source\PSoC4/ACC.c **** *  instance. 
 127:Generated_Source\PSoC4/ACC.c **** *
 128:Generated_Source\PSoC4/ACC.c **** * The pin's status register returns the current logic level present on the 
 129:Generated_Source\PSoC4/ACC.c **** * physical pin.
 130:Generated_Source\PSoC4/ACC.c **** *
 131:Generated_Source\PSoC4/ACC.c **** * \return 
 132:Generated_Source\PSoC4/ACC.c **** *  The current value for the pins in the component as a right justified number.
 133:Generated_Source\PSoC4/ACC.c **** *
 134:Generated_Source\PSoC4/ACC.c **** * \funcusage
 135:Generated_Source\PSoC4/ACC.c **** *  \snippet ACC_SUT.c usage_ACC_Read  
 136:Generated_Source\PSoC4/ACC.c **** *******************************************************************************/
 137:Generated_Source\PSoC4/ACC.c **** uint8 ACC_Read(void)
 138:Generated_Source\PSoC4/ACC.c **** {
 112              		.loc 1 138 0
 113              		.cfi_startproc
 114              		@ args = 0, pretend = 0, frame = 0
 115              		@ frame_needed = 0, uses_anonymous_args = 0
 116              		@ link register save eliminated.
 139:Generated_Source\PSoC4/ACC.c ****     return (uint8)((ACC_PS & ACC_MASK) >> ACC_SHIFT);
 117              		.loc 1 139 0
 118 0000 024B     		ldr	r3, .L8
 140:Generated_Source\PSoC4/ACC.c **** }
 119              		.loc 1 140 0
 120              		@ sp needed
 139:Generated_Source\PSoC4/ACC.c ****     return (uint8)((ACC_PS & ACC_MASK) >> ACC_SHIFT);
 121              		.loc 1 139 0
 122 0002 1868     		ldr	r0, [r3]
 123 0004 C006     		lsls	r0, r0, #27
 124 0006 800F     		lsrs	r0, r0, #30
 125              		.loc 1 140 0
 126 0008 7047     		bx	lr
 127              	.L9:
 128 000a C046     		.align	2
 129              	.L8:
 130 000c 04030440 		.word	1074004740
 131              		.cfi_endproc
 132              	.LFE2:
 133              		.size	ACC_Read, .-ACC_Read
 134              		.section	.text.ACC_ReadDataReg,"ax",%progbits
 135              		.align	1
 136              		.global	ACC_ReadDataReg
 137              		.code	16
 138              		.thumb_func
 139              		.type	ACC_ReadDataReg, %function
ARM GAS  C:\Users\MARLOK~1\AppData\Local\Temp\ccquMV5F.s 			page 6


 140              	ACC_ReadDataReg:
 141              	.LFB3:
 141:Generated_Source\PSoC4/ACC.c **** 
 142:Generated_Source\PSoC4/ACC.c **** 
 143:Generated_Source\PSoC4/ACC.c **** /*******************************************************************************
 144:Generated_Source\PSoC4/ACC.c **** * Function Name: ACC_ReadDataReg
 145:Generated_Source\PSoC4/ACC.c **** ****************************************************************************//**
 146:Generated_Source\PSoC4/ACC.c **** *
 147:Generated_Source\PSoC4/ACC.c **** * \brief Reads the associated physical port's data output register and masks 
 148:Generated_Source\PSoC4/ACC.c **** *  the correct bits according to the width and bit position of the component 
 149:Generated_Source\PSoC4/ACC.c **** *  instance. 
 150:Generated_Source\PSoC4/ACC.c **** *
 151:Generated_Source\PSoC4/ACC.c **** * The data output register controls the signal applied to the physical pin in 
 152:Generated_Source\PSoC4/ACC.c **** * conjunction with the drive mode parameter. This is not the same as the 
 153:Generated_Source\PSoC4/ACC.c **** * preferred ACC_Read() API because the 
 154:Generated_Source\PSoC4/ACC.c **** * ACC_ReadDataReg() reads the data register instead of the status 
 155:Generated_Source\PSoC4/ACC.c **** * register. For output pins this is a useful function to determine the value 
 156:Generated_Source\PSoC4/ACC.c **** * just written to the pin.
 157:Generated_Source\PSoC4/ACC.c **** *
 158:Generated_Source\PSoC4/ACC.c **** * \return 
 159:Generated_Source\PSoC4/ACC.c **** *  The current value of the data register masked and shifted into a right 
 160:Generated_Source\PSoC4/ACC.c **** *  justified number for the component instance.
 161:Generated_Source\PSoC4/ACC.c **** *
 162:Generated_Source\PSoC4/ACC.c **** * \funcusage
 163:Generated_Source\PSoC4/ACC.c **** *  \snippet ACC_SUT.c usage_ACC_ReadDataReg 
 164:Generated_Source\PSoC4/ACC.c **** *******************************************************************************/
 165:Generated_Source\PSoC4/ACC.c **** uint8 ACC_ReadDataReg(void)
 166:Generated_Source\PSoC4/ACC.c **** {
 142              		.loc 1 166 0
 143              		.cfi_startproc
 144              		@ args = 0, pretend = 0, frame = 0
 145              		@ frame_needed = 0, uses_anonymous_args = 0
 146              		@ link register save eliminated.
 167:Generated_Source\PSoC4/ACC.c ****     return (uint8)((ACC_DR & ACC_MASK) >> ACC_SHIFT);
 147              		.loc 1 167 0
 148 0000 024B     		ldr	r3, .L11
 168:Generated_Source\PSoC4/ACC.c **** }
 149              		.loc 1 168 0
 150              		@ sp needed
 167:Generated_Source\PSoC4/ACC.c ****     return (uint8)((ACC_DR & ACC_MASK) >> ACC_SHIFT);
 151              		.loc 1 167 0
 152 0002 1868     		ldr	r0, [r3]
 153 0004 C006     		lsls	r0, r0, #27
 154 0006 800F     		lsrs	r0, r0, #30
 155              		.loc 1 168 0
 156 0008 7047     		bx	lr
 157              	.L12:
 158 000a C046     		.align	2
 159              	.L11:
 160 000c 00030440 		.word	1074004736
 161              		.cfi_endproc
 162              	.LFE3:
 163              		.size	ACC_ReadDataReg, .-ACC_ReadDataReg
 164              		.section	.text.ACC_SetInterruptMode,"ax",%progbits
 165              		.align	1
 166              		.global	ACC_SetInterruptMode
 167              		.code	16
ARM GAS  C:\Users\MARLOK~1\AppData\Local\Temp\ccquMV5F.s 			page 7


 168              		.thumb_func
 169              		.type	ACC_SetInterruptMode, %function
 170              	ACC_SetInterruptMode:
 171              	.LFB4:
 169:Generated_Source\PSoC4/ACC.c **** 
 170:Generated_Source\PSoC4/ACC.c **** 
 171:Generated_Source\PSoC4/ACC.c **** /*******************************************************************************
 172:Generated_Source\PSoC4/ACC.c **** * Function Name: ACC_SetInterruptMode
 173:Generated_Source\PSoC4/ACC.c **** ****************************************************************************//**
 174:Generated_Source\PSoC4/ACC.c **** *
 175:Generated_Source\PSoC4/ACC.c **** * \brief Configures the interrupt mode for each of the Pins component's
 176:Generated_Source\PSoC4/ACC.c **** *  pins. Alternatively you may set the interrupt mode for all the pins
 177:Generated_Source\PSoC4/ACC.c **** *  specified in the Pins component.
 178:Generated_Source\PSoC4/ACC.c **** *
 179:Generated_Source\PSoC4/ACC.c **** *  <b>Note</b> The interrupt is port-wide and therefore any enabled pin
 180:Generated_Source\PSoC4/ACC.c **** *  interrupt may trigger it.
 181:Generated_Source\PSoC4/ACC.c **** *
 182:Generated_Source\PSoC4/ACC.c **** * \param position
 183:Generated_Source\PSoC4/ACC.c **** *  The pin position as listed in the Pins component. You may OR these to be 
 184:Generated_Source\PSoC4/ACC.c **** *  able to configure the interrupt mode of multiple pins within a Pins 
 185:Generated_Source\PSoC4/ACC.c **** *  component. Or you may use ACC_INTR_ALL to configure the
 186:Generated_Source\PSoC4/ACC.c **** *  interrupt mode of all the pins in the Pins component.       
 187:Generated_Source\PSoC4/ACC.c **** *  - ACC_0_INTR       (First pin in the list)
 188:Generated_Source\PSoC4/ACC.c **** *  - ACC_1_INTR       (Second pin in the list)
 189:Generated_Source\PSoC4/ACC.c **** *  - ...
 190:Generated_Source\PSoC4/ACC.c **** *  - ACC_INTR_ALL     (All pins in Pins component)
 191:Generated_Source\PSoC4/ACC.c **** *
 192:Generated_Source\PSoC4/ACC.c **** * \param mode
 193:Generated_Source\PSoC4/ACC.c **** *  Interrupt mode for the selected pins. Valid options are documented in
 194:Generated_Source\PSoC4/ACC.c **** *  \ref intrMode.
 195:Generated_Source\PSoC4/ACC.c **** *
 196:Generated_Source\PSoC4/ACC.c **** * \return 
 197:Generated_Source\PSoC4/ACC.c **** *  None
 198:Generated_Source\PSoC4/ACC.c **** *  
 199:Generated_Source\PSoC4/ACC.c **** * \sideeffect
 200:Generated_Source\PSoC4/ACC.c **** *  It is recommended that the interrupt be disabled before calling this 
 201:Generated_Source\PSoC4/ACC.c **** *  function to avoid unintended interrupt requests. Note that the interrupt
 202:Generated_Source\PSoC4/ACC.c **** *  type is port wide, and therefore will trigger for any enabled pin on the 
 203:Generated_Source\PSoC4/ACC.c **** *  port.
 204:Generated_Source\PSoC4/ACC.c **** *
 205:Generated_Source\PSoC4/ACC.c **** * \funcusage
 206:Generated_Source\PSoC4/ACC.c **** *  \snippet ACC_SUT.c usage_ACC_SetInterruptMode
 207:Generated_Source\PSoC4/ACC.c **** *******************************************************************************/
 208:Generated_Source\PSoC4/ACC.c **** void ACC_SetInterruptMode(uint16 position, uint16 mode)
 209:Generated_Source\PSoC4/ACC.c **** {
 172              		.loc 1 209 0
 173              		.cfi_startproc
 174              		@ args = 0, pretend = 0, frame = 0
 175              		@ frame_needed = 0, uses_anonymous_args = 0
 176              		@ link register save eliminated.
 177              	.LVL4:
 210:Generated_Source\PSoC4/ACC.c ****     uint32 intrCfg;
 211:Generated_Source\PSoC4/ACC.c ****     
 212:Generated_Source\PSoC4/ACC.c ****     intrCfg =  ACC_INTCFG & (uint32)(~(uint32)position);
 178              		.loc 1 212 0
 179 0000 034A     		ldr	r2, .L14
 213:Generated_Source\PSoC4/ACC.c ****     ACC_INTCFG = intrCfg | ((uint32)position & (uint32)mode);
ARM GAS  C:\Users\MARLOK~1\AppData\Local\Temp\ccquMV5F.s 			page 8


 214:Generated_Source\PSoC4/ACC.c **** }
 180              		.loc 1 214 0
 181              		@ sp needed
 212:Generated_Source\PSoC4/ACC.c ****     ACC_INTCFG = intrCfg | ((uint32)position & (uint32)mode);
 182              		.loc 1 212 0
 183 0002 1368     		ldr	r3, [r2]
 184              	.LVL5:
 213:Generated_Source\PSoC4/ACC.c ****     ACC_INTCFG = intrCfg | ((uint32)position & (uint32)mode);
 185              		.loc 1 213 0
 186 0004 8343     		bics	r3, r0
 187              	.LVL6:
 188 0006 0840     		ands	r0, r1
 189              	.LVL7:
 190 0008 1843     		orrs	r0, r3
 191 000a 1060     		str	r0, [r2]
 192              		.loc 1 214 0
 193 000c 7047     		bx	lr
 194              	.L15:
 195 000e C046     		.align	2
 196              	.L14:
 197 0010 0C030440 		.word	1074004748
 198              		.cfi_endproc
 199              	.LFE4:
 200              		.size	ACC_SetInterruptMode, .-ACC_SetInterruptMode
 201              		.section	.text.ACC_ClearInterrupt,"ax",%progbits
 202              		.align	1
 203              		.global	ACC_ClearInterrupt
 204              		.code	16
 205              		.thumb_func
 206              		.type	ACC_ClearInterrupt, %function
 207              	ACC_ClearInterrupt:
 208              	.LFB5:
 215:Generated_Source\PSoC4/ACC.c **** 
 216:Generated_Source\PSoC4/ACC.c **** 
 217:Generated_Source\PSoC4/ACC.c **** /*******************************************************************************
 218:Generated_Source\PSoC4/ACC.c **** * Function Name: ACC_ClearInterrupt
 219:Generated_Source\PSoC4/ACC.c **** ****************************************************************************//**
 220:Generated_Source\PSoC4/ACC.c **** *
 221:Generated_Source\PSoC4/ACC.c **** * \brief Clears any active interrupts attached with the component and returns 
 222:Generated_Source\PSoC4/ACC.c **** *  the value of the interrupt status register allowing determination of which
 223:Generated_Source\PSoC4/ACC.c **** *  pins generated an interrupt event.
 224:Generated_Source\PSoC4/ACC.c **** *
 225:Generated_Source\PSoC4/ACC.c **** * \return 
 226:Generated_Source\PSoC4/ACC.c **** *  The right-shifted current value of the interrupt status register. Each pin 
 227:Generated_Source\PSoC4/ACC.c **** *  has one bit set if it generated an interrupt event. For example, bit 0 is 
 228:Generated_Source\PSoC4/ACC.c **** *  for pin 0 and bit 1 is for pin 1 of the Pins component.
 229:Generated_Source\PSoC4/ACC.c **** *  
 230:Generated_Source\PSoC4/ACC.c **** * \sideeffect
 231:Generated_Source\PSoC4/ACC.c **** *  Clears all bits of the physical port's interrupt status register, not just
 232:Generated_Source\PSoC4/ACC.c **** *  those associated with the Pins component.
 233:Generated_Source\PSoC4/ACC.c **** *
 234:Generated_Source\PSoC4/ACC.c **** * \funcusage
 235:Generated_Source\PSoC4/ACC.c **** *  \snippet ACC_SUT.c usage_ACC_ClearInterrupt
 236:Generated_Source\PSoC4/ACC.c **** *******************************************************************************/
 237:Generated_Source\PSoC4/ACC.c **** uint8 ACC_ClearInterrupt(void)
 238:Generated_Source\PSoC4/ACC.c **** {
 209              		.loc 1 238 0
ARM GAS  C:\Users\MARLOK~1\AppData\Local\Temp\ccquMV5F.s 			page 9


 210              		.cfi_startproc
 211              		@ args = 0, pretend = 0, frame = 0
 212              		@ frame_needed = 0, uses_anonymous_args = 0
 213              		@ link register save eliminated.
 239:Generated_Source\PSoC4/ACC.c **** 	uint8 maskedStatus = (uint8)(ACC_INTSTAT & ACC_MASK);
 214              		.loc 1 239 0
 215 0000 1823     		movs	r3, #24
 216 0002 034A     		ldr	r2, .L17
 240:Generated_Source\PSoC4/ACC.c **** 	ACC_INTSTAT = maskedStatus;
 241:Generated_Source\PSoC4/ACC.c ****     return maskedStatus >> ACC_SHIFT;
 242:Generated_Source\PSoC4/ACC.c **** }
 217              		.loc 1 242 0
 218              		@ sp needed
 239:Generated_Source\PSoC4/ACC.c **** 	uint8 maskedStatus = (uint8)(ACC_INTSTAT & ACC_MASK);
 219              		.loc 1 239 0
 220 0004 1068     		ldr	r0, [r2]
 221 0006 1840     		ands	r0, r3
 222              	.LVL8:
 240:Generated_Source\PSoC4/ACC.c **** 	ACC_INTSTAT = maskedStatus;
 223              		.loc 1 240 0
 224 0008 1060     		str	r0, [r2]
 241:Generated_Source\PSoC4/ACC.c **** }
 225              		.loc 1 241 0
 226 000a C008     		lsrs	r0, r0, #3
 227              	.LVL9:
 228              		.loc 1 242 0
 229 000c 7047     		bx	lr
 230              	.L18:
 231 000e C046     		.align	2
 232              	.L17:
 233 0010 10030440 		.word	1074004752
 234              		.cfi_endproc
 235              	.LFE5:
 236              		.size	ACC_ClearInterrupt, .-ACC_ClearInterrupt
 237              		.text
 238              	.Letext0:
 239              		.file 2 "Generated_Source\\PSoC4\\cytypes.h"
 240              		.section	.debug_info,"",%progbits
 241              	.Ldebug_info0:
 242 0000 97010000 		.4byte	0x197
 243 0004 0400     		.2byte	0x4
 244 0006 00000000 		.4byte	.Ldebug_abbrev0
 245 000a 04       		.byte	0x4
 246 000b 01       		.uleb128 0x1
 247 000c 8F010000 		.4byte	.LASF27
 248 0010 0C       		.byte	0xc
 249 0011 A3000000 		.4byte	.LASF28
 250 0015 00000000 		.4byte	.LASF29
 251 0019 00000000 		.4byte	.Ldebug_ranges0+0
 252 001d 00000000 		.4byte	0
 253 0021 00000000 		.4byte	.Ldebug_line0
 254 0025 02       		.uleb128 0x2
 255 0026 01       		.byte	0x1
 256 0027 06       		.byte	0x6
 257 0028 83010000 		.4byte	.LASF0
 258 002c 02       		.uleb128 0x2
 259 002d 01       		.byte	0x1
ARM GAS  C:\Users\MARLOK~1\AppData\Local\Temp\ccquMV5F.s 			page 10


 260 002e 08       		.byte	0x8
 261 002f 53000000 		.4byte	.LASF1
 262 0033 02       		.uleb128 0x2
 263 0034 02       		.byte	0x2
 264 0035 05       		.byte	0x5
 265 0036 59010000 		.4byte	.LASF2
 266 003a 02       		.uleb128 0x2
 267 003b 02       		.byte	0x2
 268 003c 07       		.byte	0x7
 269 003d 82000000 		.4byte	.LASF3
 270 0041 02       		.uleb128 0x2
 271 0042 04       		.byte	0x4
 272 0043 05       		.byte	0x5
 273 0044 7A010000 		.4byte	.LASF4
 274 0048 02       		.uleb128 0x2
 275 0049 04       		.byte	0x4
 276 004a 07       		.byte	0x7
 277 004b 67000000 		.4byte	.LASF5
 278 004f 02       		.uleb128 0x2
 279 0050 08       		.byte	0x8
 280 0051 05       		.byte	0x5
 281 0052 11010000 		.4byte	.LASF6
 282 0056 02       		.uleb128 0x2
 283 0057 08       		.byte	0x8
 284 0058 07       		.byte	0x7
 285 0059 F5000000 		.4byte	.LASF7
 286 005d 03       		.uleb128 0x3
 287 005e 04       		.byte	0x4
 288 005f 05       		.byte	0x5
 289 0060 696E7400 		.ascii	"int\000"
 290 0064 02       		.uleb128 0x2
 291 0065 04       		.byte	0x4
 292 0066 07       		.byte	0x7
 293 0067 D8000000 		.4byte	.LASF8
 294 006b 04       		.uleb128 0x4
 295 006c 74010000 		.4byte	.LASF9
 296 0070 02       		.byte	0x2
 297 0071 D201     		.2byte	0x1d2
 298 0073 2C000000 		.4byte	0x2c
 299 0077 04       		.uleb128 0x4
 300 0078 9C000000 		.4byte	.LASF10
 301 007c 02       		.byte	0x2
 302 007d D301     		.2byte	0x1d3
 303 007f 3A000000 		.4byte	0x3a
 304 0083 04       		.uleb128 0x4
 305 0084 C9000000 		.4byte	.LASF11
 306 0088 02       		.byte	0x2
 307 0089 D401     		.2byte	0x1d4
 308 008b 48000000 		.4byte	0x48
 309 008f 02       		.uleb128 0x2
 310 0090 04       		.byte	0x4
 311 0091 04       		.byte	0x4
 312 0092 4D000000 		.4byte	.LASF12
 313 0096 02       		.uleb128 0x2
 314 0097 08       		.byte	0x8
 315 0098 04       		.byte	0x4
 316 0099 95000000 		.4byte	.LASF13
ARM GAS  C:\Users\MARLOK~1\AppData\Local\Temp\ccquMV5F.s 			page 11


 317 009d 02       		.uleb128 0x2
 318 009e 01       		.byte	0x1
 319 009f 08       		.byte	0x8
 320 00a0 2C010000 		.4byte	.LASF14
 321 00a4 04       		.uleb128 0x4
 322 00a5 37000000 		.4byte	.LASF15
 323 00a9 02       		.byte	0x2
 324 00aa 7E02     		.2byte	0x27e
 325 00ac B0000000 		.4byte	0xb0
 326 00b0 05       		.uleb128 0x5
 327 00b1 83000000 		.4byte	0x83
 328 00b5 06       		.uleb128 0x6
 329 00b6 63010000 		.4byte	.LASF16
 330 00ba 01       		.byte	0x1
 331 00bb 48       		.byte	0x48
 332 00bc 00000000 		.4byte	.LFB0
 333 00c0 28000000 		.4byte	.LFE0-.LFB0
 334 00c4 01       		.uleb128 0x1
 335 00c5 9C       		.byte	0x9c
 336 00c6 DA000000 		.4byte	0xda
 337 00ca 07       		.uleb128 0x7
 338 00cb 0C010000 		.4byte	.LASF18
 339 00cf 01       		.byte	0x1
 340 00d0 48       		.byte	0x48
 341 00d1 6B000000 		.4byte	0x6b
 342 00d5 00000000 		.4byte	.LLST0
 343 00d9 00       		.byte	0
 344 00da 06       		.uleb128 0x6
 345 00db 43000000 		.4byte	.LASF17
 346 00df 01       		.byte	0x1
 347 00e0 70       		.byte	0x70
 348 00e1 00000000 		.4byte	.LFB1
 349 00e5 18000000 		.4byte	.LFE1-.LFB1
 350 00e9 01       		.uleb128 0x1
 351 00ea 9C       		.byte	0x9c
 352 00eb 0A010000 		.4byte	0x10a
 353 00ef 07       		.uleb128 0x7
 354 00f0 3D000000 		.4byte	.LASF19
 355 00f4 01       		.byte	0x1
 356 00f5 70       		.byte	0x70
 357 00f6 6B000000 		.4byte	0x6b
 358 00fa 21000000 		.4byte	.LLST1
 359 00fe 08       		.uleb128 0x8
 360 00ff 61000000 		.4byte	.LASF30
 361 0103 01       		.byte	0x1
 362 0104 72       		.byte	0x72
 363 0105 6B000000 		.4byte	0x6b
 364 0109 00       		.byte	0
 365 010a 09       		.uleb128 0x9
 366 010b 79000000 		.4byte	.LASF20
 367 010f 01       		.byte	0x1
 368 0110 89       		.byte	0x89
 369 0111 6B000000 		.4byte	0x6b
 370 0115 00000000 		.4byte	.LFB2
 371 0119 10000000 		.4byte	.LFE2-.LFB2
 372 011d 01       		.uleb128 0x1
 373 011e 9C       		.byte	0x9c
ARM GAS  C:\Users\MARLOK~1\AppData\Local\Temp\ccquMV5F.s 			page 12


 374 011f 09       		.uleb128 0x9
 375 0120 E5000000 		.4byte	.LASF21
 376 0124 01       		.byte	0x1
 377 0125 A5       		.byte	0xa5
 378 0126 6B000000 		.4byte	0x6b
 379 012a 00000000 		.4byte	.LFB3
 380 012e 10000000 		.4byte	.LFE3-.LFB3
 381 0132 01       		.uleb128 0x1
 382 0133 9C       		.byte	0x9c
 383 0134 06       		.uleb128 0x6
 384 0135 44010000 		.4byte	.LASF22
 385 0139 01       		.byte	0x1
 386 013a D0       		.byte	0xd0
 387 013b 00000000 		.4byte	.LFB4
 388 013f 14000000 		.4byte	.LFE4-.LFB4
 389 0143 01       		.uleb128 0x1
 390 0144 9C       		.byte	0x9c
 391 0145 75010000 		.4byte	0x175
 392 0149 07       		.uleb128 0x7
 393 014a C0000000 		.4byte	.LASF23
 394 014e 01       		.byte	0x1
 395 014f D0       		.byte	0xd0
 396 0150 77000000 		.4byte	0x77
 397 0154 42000000 		.4byte	.LLST2
 398 0158 0A       		.uleb128 0xa
 399 0159 0C010000 		.4byte	.LASF18
 400 015d 01       		.byte	0x1
 401 015e D0       		.byte	0xd0
 402 015f 77000000 		.4byte	0x77
 403 0163 01       		.uleb128 0x1
 404 0164 51       		.byte	0x51
 405 0165 0B       		.uleb128 0xb
 406 0166 D0000000 		.4byte	.LASF25
 407 016a 01       		.byte	0x1
 408 016b D2       		.byte	0xd2
 409 016c 83000000 		.4byte	0x83
 410 0170 63000000 		.4byte	.LLST3
 411 0174 00       		.byte	0
 412 0175 0C       		.uleb128 0xc
 413 0176 31010000 		.4byte	.LASF24
 414 017a 01       		.byte	0x1
 415 017b ED       		.byte	0xed
 416 017c 6B000000 		.4byte	0x6b
 417 0180 00000000 		.4byte	.LFB5
 418 0184 14000000 		.4byte	.LFE5-.LFB5
 419 0188 01       		.uleb128 0x1
 420 0189 9C       		.byte	0x9c
 421 018a 0B       		.uleb128 0xb
 422 018b 1F010000 		.4byte	.LASF26
 423 018f 01       		.byte	0x1
 424 0190 EF       		.byte	0xef
 425 0191 6B000000 		.4byte	0x6b
 426 0195 80000000 		.4byte	.LLST4
 427 0199 00       		.byte	0
 428 019a 00       		.byte	0
 429              		.section	.debug_abbrev,"",%progbits
 430              	.Ldebug_abbrev0:
ARM GAS  C:\Users\MARLOK~1\AppData\Local\Temp\ccquMV5F.s 			page 13


 431 0000 01       		.uleb128 0x1
 432 0001 11       		.uleb128 0x11
 433 0002 01       		.byte	0x1
 434 0003 25       		.uleb128 0x25
 435 0004 0E       		.uleb128 0xe
 436 0005 13       		.uleb128 0x13
 437 0006 0B       		.uleb128 0xb
 438 0007 03       		.uleb128 0x3
 439 0008 0E       		.uleb128 0xe
 440 0009 1B       		.uleb128 0x1b
 441 000a 0E       		.uleb128 0xe
 442 000b 55       		.uleb128 0x55
 443 000c 17       		.uleb128 0x17
 444 000d 11       		.uleb128 0x11
 445 000e 01       		.uleb128 0x1
 446 000f 10       		.uleb128 0x10
 447 0010 17       		.uleb128 0x17
 448 0011 00       		.byte	0
 449 0012 00       		.byte	0
 450 0013 02       		.uleb128 0x2
 451 0014 24       		.uleb128 0x24
 452 0015 00       		.byte	0
 453 0016 0B       		.uleb128 0xb
 454 0017 0B       		.uleb128 0xb
 455 0018 3E       		.uleb128 0x3e
 456 0019 0B       		.uleb128 0xb
 457 001a 03       		.uleb128 0x3
 458 001b 0E       		.uleb128 0xe
 459 001c 00       		.byte	0
 460 001d 00       		.byte	0
 461 001e 03       		.uleb128 0x3
 462 001f 24       		.uleb128 0x24
 463 0020 00       		.byte	0
 464 0021 0B       		.uleb128 0xb
 465 0022 0B       		.uleb128 0xb
 466 0023 3E       		.uleb128 0x3e
 467 0024 0B       		.uleb128 0xb
 468 0025 03       		.uleb128 0x3
 469 0026 08       		.uleb128 0x8
 470 0027 00       		.byte	0
 471 0028 00       		.byte	0
 472 0029 04       		.uleb128 0x4
 473 002a 16       		.uleb128 0x16
 474 002b 00       		.byte	0
 475 002c 03       		.uleb128 0x3
 476 002d 0E       		.uleb128 0xe
 477 002e 3A       		.uleb128 0x3a
 478 002f 0B       		.uleb128 0xb
 479 0030 3B       		.uleb128 0x3b
 480 0031 05       		.uleb128 0x5
 481 0032 49       		.uleb128 0x49
 482 0033 13       		.uleb128 0x13
 483 0034 00       		.byte	0
 484 0035 00       		.byte	0
 485 0036 05       		.uleb128 0x5
 486 0037 35       		.uleb128 0x35
 487 0038 00       		.byte	0
ARM GAS  C:\Users\MARLOK~1\AppData\Local\Temp\ccquMV5F.s 			page 14


 488 0039 49       		.uleb128 0x49
 489 003a 13       		.uleb128 0x13
 490 003b 00       		.byte	0
 491 003c 00       		.byte	0
 492 003d 06       		.uleb128 0x6
 493 003e 2E       		.uleb128 0x2e
 494 003f 01       		.byte	0x1
 495 0040 3F       		.uleb128 0x3f
 496 0041 19       		.uleb128 0x19
 497 0042 03       		.uleb128 0x3
 498 0043 0E       		.uleb128 0xe
 499 0044 3A       		.uleb128 0x3a
 500 0045 0B       		.uleb128 0xb
 501 0046 3B       		.uleb128 0x3b
 502 0047 0B       		.uleb128 0xb
 503 0048 27       		.uleb128 0x27
 504 0049 19       		.uleb128 0x19
 505 004a 11       		.uleb128 0x11
 506 004b 01       		.uleb128 0x1
 507 004c 12       		.uleb128 0x12
 508 004d 06       		.uleb128 0x6
 509 004e 40       		.uleb128 0x40
 510 004f 18       		.uleb128 0x18
 511 0050 9742     		.uleb128 0x2117
 512 0052 19       		.uleb128 0x19
 513 0053 01       		.uleb128 0x1
 514 0054 13       		.uleb128 0x13
 515 0055 00       		.byte	0
 516 0056 00       		.byte	0
 517 0057 07       		.uleb128 0x7
 518 0058 05       		.uleb128 0x5
 519 0059 00       		.byte	0
 520 005a 03       		.uleb128 0x3
 521 005b 0E       		.uleb128 0xe
 522 005c 3A       		.uleb128 0x3a
 523 005d 0B       		.uleb128 0xb
 524 005e 3B       		.uleb128 0x3b
 525 005f 0B       		.uleb128 0xb
 526 0060 49       		.uleb128 0x49
 527 0061 13       		.uleb128 0x13
 528 0062 02       		.uleb128 0x2
 529 0063 17       		.uleb128 0x17
 530 0064 00       		.byte	0
 531 0065 00       		.byte	0
 532 0066 08       		.uleb128 0x8
 533 0067 34       		.uleb128 0x34
 534 0068 00       		.byte	0
 535 0069 03       		.uleb128 0x3
 536 006a 0E       		.uleb128 0xe
 537 006b 3A       		.uleb128 0x3a
 538 006c 0B       		.uleb128 0xb
 539 006d 3B       		.uleb128 0x3b
 540 006e 0B       		.uleb128 0xb
 541 006f 49       		.uleb128 0x49
 542 0070 13       		.uleb128 0x13
 543 0071 00       		.byte	0
 544 0072 00       		.byte	0
ARM GAS  C:\Users\MARLOK~1\AppData\Local\Temp\ccquMV5F.s 			page 15


 545 0073 09       		.uleb128 0x9
 546 0074 2E       		.uleb128 0x2e
 547 0075 00       		.byte	0
 548 0076 3F       		.uleb128 0x3f
 549 0077 19       		.uleb128 0x19
 550 0078 03       		.uleb128 0x3
 551 0079 0E       		.uleb128 0xe
 552 007a 3A       		.uleb128 0x3a
 553 007b 0B       		.uleb128 0xb
 554 007c 3B       		.uleb128 0x3b
 555 007d 0B       		.uleb128 0xb
 556 007e 27       		.uleb128 0x27
 557 007f 19       		.uleb128 0x19
 558 0080 49       		.uleb128 0x49
 559 0081 13       		.uleb128 0x13
 560 0082 11       		.uleb128 0x11
 561 0083 01       		.uleb128 0x1
 562 0084 12       		.uleb128 0x12
 563 0085 06       		.uleb128 0x6
 564 0086 40       		.uleb128 0x40
 565 0087 18       		.uleb128 0x18
 566 0088 9742     		.uleb128 0x2117
 567 008a 19       		.uleb128 0x19
 568 008b 00       		.byte	0
 569 008c 00       		.byte	0
 570 008d 0A       		.uleb128 0xa
 571 008e 05       		.uleb128 0x5
 572 008f 00       		.byte	0
 573 0090 03       		.uleb128 0x3
 574 0091 0E       		.uleb128 0xe
 575 0092 3A       		.uleb128 0x3a
 576 0093 0B       		.uleb128 0xb
 577 0094 3B       		.uleb128 0x3b
 578 0095 0B       		.uleb128 0xb
 579 0096 49       		.uleb128 0x49
 580 0097 13       		.uleb128 0x13
 581 0098 02       		.uleb128 0x2
 582 0099 18       		.uleb128 0x18
 583 009a 00       		.byte	0
 584 009b 00       		.byte	0
 585 009c 0B       		.uleb128 0xb
 586 009d 34       		.uleb128 0x34
 587 009e 00       		.byte	0
 588 009f 03       		.uleb128 0x3
 589 00a0 0E       		.uleb128 0xe
 590 00a1 3A       		.uleb128 0x3a
 591 00a2 0B       		.uleb128 0xb
 592 00a3 3B       		.uleb128 0x3b
 593 00a4 0B       		.uleb128 0xb
 594 00a5 49       		.uleb128 0x49
 595 00a6 13       		.uleb128 0x13
 596 00a7 02       		.uleb128 0x2
 597 00a8 17       		.uleb128 0x17
 598 00a9 00       		.byte	0
 599 00aa 00       		.byte	0
 600 00ab 0C       		.uleb128 0xc
 601 00ac 2E       		.uleb128 0x2e
ARM GAS  C:\Users\MARLOK~1\AppData\Local\Temp\ccquMV5F.s 			page 16


 602 00ad 01       		.byte	0x1
 603 00ae 3F       		.uleb128 0x3f
 604 00af 19       		.uleb128 0x19
 605 00b0 03       		.uleb128 0x3
 606 00b1 0E       		.uleb128 0xe
 607 00b2 3A       		.uleb128 0x3a
 608 00b3 0B       		.uleb128 0xb
 609 00b4 3B       		.uleb128 0x3b
 610 00b5 0B       		.uleb128 0xb
 611 00b6 27       		.uleb128 0x27
 612 00b7 19       		.uleb128 0x19
 613 00b8 49       		.uleb128 0x49
 614 00b9 13       		.uleb128 0x13
 615 00ba 11       		.uleb128 0x11
 616 00bb 01       		.uleb128 0x1
 617 00bc 12       		.uleb128 0x12
 618 00bd 06       		.uleb128 0x6
 619 00be 40       		.uleb128 0x40
 620 00bf 18       		.uleb128 0x18
 621 00c0 9742     		.uleb128 0x2117
 622 00c2 19       		.uleb128 0x19
 623 00c3 00       		.byte	0
 624 00c4 00       		.byte	0
 625 00c5 00       		.byte	0
 626              		.section	.debug_loc,"",%progbits
 627              	.Ldebug_loc0:
 628              	.LLST0:
 629 0000 00000000 		.4byte	.LVL0
 630 0004 14000000 		.4byte	.LVL1
 631 0008 0100     		.2byte	0x1
 632 000a 50       		.byte	0x50
 633 000b 14000000 		.4byte	.LVL1
 634 000f 28000000 		.4byte	.LFE0
 635 0013 0400     		.2byte	0x4
 636 0015 F3       		.byte	0xf3
 637 0016 01       		.uleb128 0x1
 638 0017 50       		.byte	0x50
 639 0018 9F       		.byte	0x9f
 640 0019 00000000 		.4byte	0
 641 001d 00000000 		.4byte	0
 642              	.LLST1:
 643 0021 00000000 		.4byte	.LVL2
 644 0025 06000000 		.4byte	.LVL3
 645 0029 0100     		.2byte	0x1
 646 002b 50       		.byte	0x50
 647 002c 06000000 		.4byte	.LVL3
 648 0030 18000000 		.4byte	.LFE1
 649 0034 0400     		.2byte	0x4
 650 0036 F3       		.byte	0xf3
 651 0037 01       		.uleb128 0x1
 652 0038 50       		.byte	0x50
 653 0039 9F       		.byte	0x9f
 654 003a 00000000 		.4byte	0
 655 003e 00000000 		.4byte	0
 656              	.LLST2:
 657 0042 00000000 		.4byte	.LVL4
 658 0046 08000000 		.4byte	.LVL7
ARM GAS  C:\Users\MARLOK~1\AppData\Local\Temp\ccquMV5F.s 			page 17


 659 004a 0100     		.2byte	0x1
 660 004c 50       		.byte	0x50
 661 004d 08000000 		.4byte	.LVL7
 662 0051 14000000 		.4byte	.LFE4
 663 0055 0400     		.2byte	0x4
 664 0057 F3       		.byte	0xf3
 665 0058 01       		.uleb128 0x1
 666 0059 50       		.byte	0x50
 667 005a 9F       		.byte	0x9f
 668 005b 00000000 		.4byte	0
 669 005f 00000000 		.4byte	0
 670              	.LLST3:
 671 0063 04000000 		.4byte	.LVL5
 672 0067 06000000 		.4byte	.LVL6
 673 006b 0B00     		.2byte	0xb
 674 006d 70       		.byte	0x70
 675 006e 00       		.sleb128 0
 676 006f 0A       		.byte	0xa
 677 0070 FFFF     		.2byte	0xffff
 678 0072 1A       		.byte	0x1a
 679 0073 20       		.byte	0x20
 680 0074 73       		.byte	0x73
 681 0075 00       		.sleb128 0
 682 0076 1A       		.byte	0x1a
 683 0077 9F       		.byte	0x9f
 684 0078 00000000 		.4byte	0
 685 007c 00000000 		.4byte	0
 686              	.LLST4:
 687 0080 08000000 		.4byte	.LVL8
 688 0084 0C000000 		.4byte	.LVL9
 689 0088 0100     		.2byte	0x1
 690 008a 50       		.byte	0x50
 691 008b 0C000000 		.4byte	.LVL9
 692 008f 14000000 		.4byte	.LFE5
 693 0093 0400     		.2byte	0x4
 694 0095 72       		.byte	0x72
 695 0096 00       		.sleb128 0
 696 0097 06       		.byte	0x6
 697 0098 9F       		.byte	0x9f
 698 0099 00000000 		.4byte	0
 699 009d 00000000 		.4byte	0
 700              		.section	.debug_aranges,"",%progbits
 701 0000 44000000 		.4byte	0x44
 702 0004 0200     		.2byte	0x2
 703 0006 00000000 		.4byte	.Ldebug_info0
 704 000a 04       		.byte	0x4
 705 000b 00       		.byte	0
 706 000c 0000     		.2byte	0
 707 000e 0000     		.2byte	0
 708 0010 00000000 		.4byte	.LFB0
 709 0014 28000000 		.4byte	.LFE0-.LFB0
 710 0018 00000000 		.4byte	.LFB1
 711 001c 18000000 		.4byte	.LFE1-.LFB1
 712 0020 00000000 		.4byte	.LFB2
 713 0024 10000000 		.4byte	.LFE2-.LFB2
 714 0028 00000000 		.4byte	.LFB3
 715 002c 10000000 		.4byte	.LFE3-.LFB3
ARM GAS  C:\Users\MARLOK~1\AppData\Local\Temp\ccquMV5F.s 			page 18


 716 0030 00000000 		.4byte	.LFB4
 717 0034 14000000 		.4byte	.LFE4-.LFB4
 718 0038 00000000 		.4byte	.LFB5
 719 003c 14000000 		.4byte	.LFE5-.LFB5
 720 0040 00000000 		.4byte	0
 721 0044 00000000 		.4byte	0
 722              		.section	.debug_ranges,"",%progbits
 723              	.Ldebug_ranges0:
 724 0000 00000000 		.4byte	.LFB0
 725 0004 28000000 		.4byte	.LFE0
 726 0008 00000000 		.4byte	.LFB1
 727 000c 18000000 		.4byte	.LFE1
 728 0010 00000000 		.4byte	.LFB2
 729 0014 10000000 		.4byte	.LFE2
 730 0018 00000000 		.4byte	.LFB3
 731 001c 10000000 		.4byte	.LFE3
 732 0020 00000000 		.4byte	.LFB4
 733 0024 14000000 		.4byte	.LFE4
 734 0028 00000000 		.4byte	.LFB5
 735 002c 14000000 		.4byte	.LFE5
 736 0030 00000000 		.4byte	0
 737 0034 00000000 		.4byte	0
 738              		.section	.debug_line,"",%progbits
 739              	.Ldebug_line0:
 740 0000 C5000000 		.section	.debug_str,"MS",%progbits,1
 740      02004000 
 740      00000201 
 740      FB0E0D00 
 740      01010101 
 741              	.LASF29:
 742 0000 433A5C55 		.ascii	"C:\\Users\\marlokistvan\\Documents\\PSoC Creator\\t"
 742      73657273 
 742      5C6D6172 
 742      6C6F6B69 
 742      73747661 
 743 002e 646D2E63 		.ascii	"dm.cydsn\000"
 743      7964736E 
 743      00
 744              	.LASF15:
 745 0037 72656733 		.ascii	"reg32\000"
 745      3200
 746              	.LASF19:
 747 003d 76616C75 		.ascii	"value\000"
 747      6500
 748              	.LASF17:
 749 0043 4143435F 		.ascii	"ACC_Write\000"
 749      57726974 
 749      6500
 750              	.LASF12:
 751 004d 666C6F61 		.ascii	"float\000"
 751      7400
 752              	.LASF1:
 753 0053 756E7369 		.ascii	"unsigned char\000"
 753      676E6564 
 753      20636861 
 753      7200
 754              	.LASF30:
ARM GAS  C:\Users\MARLOK~1\AppData\Local\Temp\ccquMV5F.s 			page 19


 755 0061 64725661 		.ascii	"drVal\000"
 755      6C00
 756              	.LASF5:
 757 0067 6C6F6E67 		.ascii	"long unsigned int\000"
 757      20756E73 
 757      69676E65 
 757      6420696E 
 757      7400
 758              	.LASF20:
 759 0079 4143435F 		.ascii	"ACC_Read\000"
 759      52656164 
 759      00
 760              	.LASF3:
 761 0082 73686F72 		.ascii	"short unsigned int\000"
 761      7420756E 
 761      7369676E 
 761      65642069 
 761      6E7400
 762              	.LASF13:
 763 0095 646F7562 		.ascii	"double\000"
 763      6C6500
 764              	.LASF10:
 765 009c 75696E74 		.ascii	"uint16\000"
 765      313600
 766              	.LASF28:
 767 00a3 47656E65 		.ascii	"Generated_Source\\PSoC4\\ACC.c\000"
 767      72617465 
 767      645F536F 
 767      75726365 
 767      5C50536F 
 768              	.LASF23:
 769 00c0 706F7369 		.ascii	"position\000"
 769      74696F6E 
 769      00
 770              	.LASF11:
 771 00c9 75696E74 		.ascii	"uint32\000"
 771      333200
 772              	.LASF25:
 773 00d0 696E7472 		.ascii	"intrCfg\000"
 773      43666700 
 774              	.LASF8:
 775 00d8 756E7369 		.ascii	"unsigned int\000"
 775      676E6564 
 775      20696E74 
 775      00
 776              	.LASF21:
 777 00e5 4143435F 		.ascii	"ACC_ReadDataReg\000"
 777      52656164 
 777      44617461 
 777      52656700 
 778              	.LASF7:
 779 00f5 6C6F6E67 		.ascii	"long long unsigned int\000"
 779      206C6F6E 
 779      6720756E 
 779      7369676E 
 779      65642069 
 780              	.LASF18:
ARM GAS  C:\Users\MARLOK~1\AppData\Local\Temp\ccquMV5F.s 			page 20


 781 010c 6D6F6465 		.ascii	"mode\000"
 781      00
 782              	.LASF6:
 783 0111 6C6F6E67 		.ascii	"long long int\000"
 783      206C6F6E 
 783      6720696E 
 783      7400
 784              	.LASF26:
 785 011f 6D61736B 		.ascii	"maskedStatus\000"
 785      65645374 
 785      61747573 
 785      00
 786              	.LASF14:
 787 012c 63686172 		.ascii	"char\000"
 787      00
 788              	.LASF24:
 789 0131 4143435F 		.ascii	"ACC_ClearInterrupt\000"
 789      436C6561 
 789      72496E74 
 789      65727275 
 789      707400
 790              	.LASF22:
 791 0144 4143435F 		.ascii	"ACC_SetInterruptMode\000"
 791      53657449 
 791      6E746572 
 791      72757074 
 791      4D6F6465 
 792              	.LASF2:
 793 0159 73686F72 		.ascii	"short int\000"
 793      7420696E 
 793      7400
 794              	.LASF16:
 795 0163 4143435F 		.ascii	"ACC_SetDriveMode\000"
 795      53657444 
 795      72697665 
 795      4D6F6465 
 795      00
 796              	.LASF9:
 797 0174 75696E74 		.ascii	"uint8\000"
 797      3800
 798              	.LASF4:
 799 017a 6C6F6E67 		.ascii	"long int\000"
 799      20696E74 
 799      00
 800              	.LASF0:
 801 0183 7369676E 		.ascii	"signed char\000"
 801      65642063 
 801      68617200 
 802              	.LASF27:
 803 018f 474E5520 		.ascii	"GNU C11 5.4.1 20160609 (release) [ARM/embedded-5-br"
 803      43313120 
 803      352E342E 
 803      31203230 
 803      31363036 
 804 01c2 616E6368 		.ascii	"anch revision 237715] -mcpu=cortex-m0 -mthumb -g -O"
 804      20726576 
 804      6973696F 
ARM GAS  C:\Users\MARLOK~1\AppData\Local\Temp\ccquMV5F.s 			page 21


 804      6E203233 
 804      37373135 
 805 01f5 73202D66 		.ascii	"s -ffunction-sections -ffat-lto-objects\000"
 805      66756E63 
 805      74696F6E 
 805      2D736563 
 805      74696F6E 
 806              		.ident	"GCC: (GNU Tools for ARM Embedded Processors) 5.4.1 20160609 (release) [ARM/embedded-5-bran
