ARM GAS  C:\Users\MARLOK~1\AppData\Local\Temp\cclu542u.s 			page 1


   1              		.syntax unified
   2              		.cpu cortex-m0
   3              		.fpu softvfp
   4              		.eabi_attribute 20, 1
   5              		.eabi_attribute 21, 1
   6              		.eabi_attribute 23, 3
   7              		.eabi_attribute 24, 1
   8              		.eabi_attribute 25, 1
   9              		.eabi_attribute 26, 1
  10              		.eabi_attribute 30, 4
  11              		.eabi_attribute 34, 0
  12              		.eabi_attribute 18, 4
  13              		.thumb
  14              		.syntax unified
  15              		.file	"main.c"
  16              		.text
  17              	.Ltext0:
  18              		.cfi_sections	.debug_frame
  19              		.section	.text.ACC_ISR_Handler,"ax",%progbits
  20              		.align	1
  21              		.global	ACC_ISR_Handler
  22              		.code	16
  23              		.thumb_func
  24              		.type	ACC_ISR_Handler, %function
  25              	ACC_ISR_Handler:
  26              	.LFB35:
  27              		.file 1 "main.c"
   1:main.c        **** #include <stdint.h>
   2:main.c        **** #include <inttypes.h>
   3:main.c        **** #include "device.h"
   4:main.c        **** #include "MMA8652.h"
   5:main.c        **** 
   6:main.c        **** CY_ISR_PROTO(ACC_ISR_Hadler);
   7:main.c        **** 
   8:main.c        **** volatile uint8_t flag;
   9:main.c        **** 
  10:main.c        **** CY_ISR(ACC_ISR_Handler)
  11:main.c        **** {
  28              		.loc 1 11 0
  29              		.cfi_startproc
  30              		@ args = 0, pretend = 0, frame = 104
  31              		@ frame_needed = 0, uses_anonymous_args = 0
  12:main.c        ****     uint8_t pin;
  13:main.c        ****     
  14:main.c        ****     flag = 0;
  32              		.loc 1 14 0
  33 0000 0023     		movs	r3, #0
  11:main.c        ****     uint8_t pin;
  34              		.loc 1 11 0
  35 0002 70B5     		push	{r4, r5, r6, lr}
  36              		.cfi_def_cfa_offset 16
  37              		.cfi_offset 4, -16
  38              		.cfi_offset 5, -12
  39              		.cfi_offset 6, -8
  40              		.cfi_offset 14, -4
  41              		.loc 1 14 0
  42 0004 144C     		ldr	r4, .L11
ARM GAS  C:\Users\MARLOK~1\AppData\Local\Temp\cclu542u.s 			page 2


  11:main.c        ****     uint8_t pin;
  43              		.loc 1 11 0
  44 0006 9EB0     		sub	sp, sp, #120
  45              		.cfi_def_cfa_offset 136
  46              		.loc 1 14 0
  47 0008 2370     		strb	r3, [r4]
  15:main.c        ****     
  16:main.c        ****     // Reset interrupt components
  17:main.c        ****     pin = ACC_ClearInterrupt();
  48              		.loc 1 17 0
  49 000a FFF7FEFF 		bl	ACC_ClearInterrupt
  50              	.LVL0:
  51 000e 0600     		movs	r6, r0
  52              	.LVL1:
  18:main.c        ****     ACC_ISR_ClearPending();
  53              		.loc 1 18 0
  54 0010 FFF7FEFF 		bl	ACC_ISR_ClearPending
  55              	.LVL2:
  19:main.c        **** 
  20:main.c        ****     // Interrupt on ACC_INT2
  21:main.c        ****     if (pin & 0x01) {
  56              		.loc 1 21 0
  57 0014 F307     		lsls	r3, r6, #31
  58 0016 18D5     		bpl	.L2
  59              	.LBB2:
  22:main.c        ****         
  23:main.c        ****         // Put your code here
  24:main.c        ****         flag = 2; 
  25:main.c        ****         
  26:main.c        ****         int16_t acc;
  27:main.c        ****         uint32_t error;
  28:main.c        ****         
  29:main.c        ****         char tmp[100];
  30:main.c        ****         
  31:main.c        ****         error = MMA8652_ReadAcc(&acc);
  60              		.loc 1 31 0
  61 0018 1225     		movs	r5, #18
  24:main.c        ****         
  62              		.loc 1 24 0
  63 001a 0223     		movs	r3, #2
  64              		.loc 1 31 0
  65 001c 6D44     		add	r5, r5, sp
  66 001e 2800     		movs	r0, r5
  24:main.c        ****         
  67              		.loc 1 24 0
  68 0020 2370     		strb	r3, [r4]
  69              		.loc 1 31 0
  70 0022 FFF7FEFF 		bl	MMA8652_ReadAcc
  71              	.LVL3:
  32:main.c        ****         int16_t* accel=&acc;
  33:main.c        ****         
  34:main.c        ****         sprintf(tmp, "flag: %d x: %d, y: %d z: %d error: %" PRIu32 "\n" "\r" ,flag, accel[0], accel
  72              		.loc 1 34 0
  73 0026 2278     		ldrb	r2, [r4]
  74 0028 0021     		movs	r1, #0
  75 002a 6B5E     		ldrsh	r3, [r5, r1]
  76 002c 0290     		str	r0, [sp, #8]
ARM GAS  C:\Users\MARLOK~1\AppData\Local\Temp\cclu542u.s 			page 3


  77 002e 0420     		movs	r0, #4
  78 0030 295E     		ldrsh	r1, [r5, r0]
  79              	.LVL4:
  80 0032 D2B2     		uxtb	r2, r2
  81 0034 0191     		str	r1, [sp, #4]
  82 0036 0220     		movs	r0, #2
  83 0038 295E     		ldrsh	r1, [r5, r0]
  84 003a 05A8     		add	r0, sp, #20
  85 003c 0091     		str	r1, [sp]
  86 003e 0749     		ldr	r1, .L11+4
  87 0040 FFF7FEFF 		bl	sprintf
  88              	.LVL5:
  35:main.c        ****         
  36:main.c        ****         UART_UartPutString(tmp);
  89              		.loc 1 36 0
  90 0044 05A8     		add	r0, sp, #20
  91 0046 FFF7FEFF 		bl	UART_UartPutString
  92              	.LVL6:
  93              	.L2:
  94              	.LBE2:
  37:main.c        ****         
  38:main.c        ****         
  39:main.c        ****     }
  40:main.c        ****     
  41:main.c        ****     // Interrupt on ACC_INT1
  42:main.c        ****     if (pin & 0x02) {
  95              		.loc 1 42 0
  96 004a B307     		lsls	r3, r6, #30
  97 004c 01D5     		bpl	.L1
  43:main.c        ****         
  44:main.c        ****         // Put your code here
  45:main.c        ****         flag = 1;
  98              		.loc 1 45 0
  99 004e 0123     		movs	r3, #1
 100 0050 2370     		strb	r3, [r4]
 101              	.L1:
  46:main.c        ****     }
  47:main.c        **** }
 102              		.loc 1 47 0
 103 0052 1EB0     		add	sp, sp, #120
 104              		@ sp needed
 105              	.LVL7:
 106 0054 70BD     		pop	{r4, r5, r6, pc}
 107              	.L12:
 108 0056 C046     		.align	2
 109              	.L11:
 110 0058 00000000 		.word	flag
 111 005c 00000000 		.word	.LC1
 112              		.cfi_endproc
 113              	.LFE35:
 114              		.size	ACC_ISR_Handler, .-ACC_ISR_Handler
 115              		.section	.text.startup.main,"ax",%progbits
 116              		.align	1
 117              		.global	main
 118              		.code	16
 119              		.thumb_func
 120              		.type	main, %function
ARM GAS  C:\Users\MARLOK~1\AppData\Local\Temp\cclu542u.s 			page 4


 121              	main:
 122              	.LFB36:
  48:main.c        **** 
  49:main.c        **** 
  50:main.c        **** int main(void)
  51:main.c        **** {
 123              		.loc 1 51 0
 124              		.cfi_startproc
 125              		@ Volatile: function does not return.
 126              		@ args = 0, pretend = 0, frame = 0
 127              		@ frame_needed = 0, uses_anonymous_args = 0
 128 0000 10B5     		push	{r4, lr}
 129              		.cfi_def_cfa_offset 8
 130              		.cfi_offset 4, -8
 131              		.cfi_offset 14, -4
  52:main.c        ****     CyGlobalIntEnable;
 132              		.loc 1 52 0
 133              		.syntax divided
 134              	@ 52 "main.c" 1
 135 0002 62B6     		CPSIE   i
 136              	@ 0 "" 2
  53:main.c        ****     
  54:main.c        ****     // Start basic components
  55:main.c        ****     UART_Start();
 137              		.loc 1 55 0
 138              		.thumb
 139              		.syntax unified
 140 0004 FFF7FEFF 		bl	UART_Start
 141              	.LVL8:
  56:main.c        ****     I2C_Start();
 142              		.loc 1 56 0
 143 0008 FFF7FEFF 		bl	I2C_Start
 144              	.LVL9:
  57:main.c        ****    
  58:main.c        ****    
  59:main.c        ****     // Register interrupt handler function
  60:main.c        ****     ACC_ISR_StartEx(ACC_ISR_Handler);
 145              		.loc 1 60 0
 146 000c 0448     		ldr	r0, .L15
 147 000e FFF7FEFF 		bl	ACC_ISR_StartEx
 148              	.LVL10:
  61:main.c        ****     
  62:main.c        ****     
  63:main.c        ****     MMA8652_Initialize();
 149              		.loc 1 63 0
 150 0012 FFF7FEFF 		bl	MMA8652_Initialize
 151              	.LVL11:
  64:main.c        ****     MMA8652_MotionSetup(1,3);
 152              		.loc 1 64 0
 153 0016 0321     		movs	r1, #3
 154 0018 0120     		movs	r0, #1
 155 001a FFF7FEFF 		bl	MMA8652_MotionSetup
 156              	.LVL12:
 157              	.L14:
 158 001e FEE7     		b	.L14
 159              	.L16:
 160              		.align	2
ARM GAS  C:\Users\MARLOK~1\AppData\Local\Temp\cclu542u.s 			page 5


 161              	.L15:
 162 0020 00000000 		.word	ACC_ISR_Handler
 163              		.cfi_endproc
 164              	.LFE36:
 165              		.size	main, .-main
 166              		.comm	flag,1,1
 167              		.section	.rodata.str1.1,"aMS",%progbits,1
 168              	.LC1:
 169 0000 666C6167 		.ascii	"flag: %d x: %d, y: %d z: %d error: %lu\012\015\000"
 169      3A202564 
 169      20783A20 
 169      25642C20 
 169      793A2025 
 170              		.text
 171              	.Letext0:
 172              		.file 2 "c:\\program files (x86)\\cypress\\psoc creator\\4.2\\psoc creator\\import\\gnu\\arm\\5.4.
 173              		.file 3 "c:\\program files (x86)\\cypress\\psoc creator\\4.2\\psoc creator\\import\\gnu\\arm\\5.4.
 174              		.file 4 "MMA8652.h"
 175              		.file 5 "c:\\program files (x86)\\cypress\\psoc creator\\4.2\\psoc creator\\import\\gnu\\arm\\5.4.
 176              		.file 6 "Generated_Source\\PSoC4/UART_SPI_UART.h"
 177              		.file 7 "Generated_Source\\PSoC4/ACC.h"
 178              		.file 8 "Generated_Source\\PSoC4/ACC_ISR.h"
 179              		.file 9 "Generated_Source\\PSoC4/UART.h"
 180              		.file 10 "Generated_Source\\PSoC4/I2C.h"
 181              		.section	.debug_info,"",%progbits
 182              	.Ldebug_info0:
 183 0000 8C020000 		.4byte	0x28c
 184 0004 0400     		.2byte	0x4
 185 0006 00000000 		.4byte	.Ldebug_abbrev0
 186 000a 04       		.byte	0x4
 187 000b 01       		.uleb128 0x1
 188 000c DE010000 		.4byte	.LASF32
 189 0010 0C       		.byte	0xc
 190 0011 7B010000 		.4byte	.LASF33
 191 0015 00000000 		.4byte	.LASF34
 192 0019 00000000 		.4byte	.Ldebug_ranges0+0
 193 001d 00000000 		.4byte	0
 194 0021 00000000 		.4byte	.Ldebug_line0
 195 0025 02       		.uleb128 0x2
 196 0026 01       		.byte	0x1
 197 0027 06       		.byte	0x6
 198 0028 C2010000 		.4byte	.LASF0
 199 002c 03       		.uleb128 0x3
 200 002d 3D000000 		.4byte	.LASF2
 201 0031 02       		.byte	0x2
 202 0032 1D       		.byte	0x1d
 203 0033 37000000 		.4byte	0x37
 204 0037 02       		.uleb128 0x2
 205 0038 01       		.byte	0x1
 206 0039 08       		.byte	0x8
 207 003a 99000000 		.4byte	.LASF1
 208 003e 03       		.uleb128 0x3
 209 003f 47000000 		.4byte	.LASF3
 210 0043 02       		.byte	0x2
 211 0044 29       		.byte	0x29
 212 0045 49000000 		.4byte	0x49
 213 0049 02       		.uleb128 0x2
ARM GAS  C:\Users\MARLOK~1\AppData\Local\Temp\cclu542u.s 			page 6


 214 004a 02       		.byte	0x2
 215 004b 05       		.byte	0x5
 216 004c 9A010000 		.4byte	.LASF4
 217 0050 02       		.uleb128 0x2
 218 0051 02       		.byte	0x2
 219 0052 07       		.byte	0x7
 220 0053 B9000000 		.4byte	.LASF5
 221 0057 02       		.uleb128 0x2
 222 0058 04       		.byte	0x4
 223 0059 05       		.byte	0x5
 224 005a AD010000 		.4byte	.LASF6
 225 005e 03       		.uleb128 0x3
 226 005f DE000000 		.4byte	.LASF7
 227 0063 02       		.byte	0x2
 228 0064 41       		.byte	0x41
 229 0065 69000000 		.4byte	0x69
 230 0069 02       		.uleb128 0x2
 231 006a 04       		.byte	0x4
 232 006b 07       		.byte	0x7
 233 006c A7000000 		.4byte	.LASF8
 234 0070 02       		.uleb128 0x2
 235 0071 08       		.byte	0x8
 236 0072 05       		.byte	0x5
 237 0073 59010000 		.4byte	.LASF9
 238 0077 02       		.uleb128 0x2
 239 0078 08       		.byte	0x8
 240 0079 07       		.byte	0x7
 241 007a 13010000 		.4byte	.LASF10
 242 007e 04       		.uleb128 0x4
 243 007f 04       		.byte	0x4
 244 0080 05       		.byte	0x5
 245 0081 696E7400 		.ascii	"int\000"
 246 0085 02       		.uleb128 0x2
 247 0086 04       		.byte	0x4
 248 0087 07       		.byte	0x7
 249 0088 F3000000 		.4byte	.LASF11
 250 008c 03       		.uleb128 0x3
 251 008d 2A010000 		.4byte	.LASF12
 252 0091 03       		.byte	0x3
 253 0092 18       		.byte	0x18
 254 0093 2C000000 		.4byte	0x2c
 255 0097 03       		.uleb128 0x3
 256 0098 32010000 		.4byte	.LASF13
 257 009c 03       		.byte	0x3
 258 009d 20       		.byte	0x20
 259 009e 3E000000 		.4byte	0x3e
 260 00a2 03       		.uleb128 0x3
 261 00a3 A4010000 		.4byte	.LASF14
 262 00a7 03       		.byte	0x3
 263 00a8 30       		.byte	0x30
 264 00a9 5E000000 		.4byte	0x5e
 265 00ad 02       		.uleb128 0x2
 266 00ae 04       		.byte	0x4
 267 00af 04       		.byte	0x4
 268 00b0 83000000 		.4byte	.LASF15
 269 00b4 02       		.uleb128 0x2
 270 00b5 08       		.byte	0x8
ARM GAS  C:\Users\MARLOK~1\AppData\Local\Temp\cclu542u.s 			page 7


 271 00b6 04       		.byte	0x4
 272 00b7 D7000000 		.4byte	.LASF16
 273 00bb 02       		.uleb128 0x2
 274 00bc 01       		.byte	0x1
 275 00bd 08       		.byte	0x8
 276 00be 82010000 		.4byte	.LASF17
 277 00c2 02       		.uleb128 0x2
 278 00c3 08       		.byte	0x8
 279 00c4 04       		.byte	0x4
 280 00c5 B6010000 		.4byte	.LASF18
 281 00c9 02       		.uleb128 0x2
 282 00ca 04       		.byte	0x4
 283 00cb 07       		.byte	0x7
 284 00cc 4A010000 		.4byte	.LASF19
 285 00d0 05       		.uleb128 0x5
 286 00d1 3A010000 		.4byte	.LASF35
 287 00d5 01       		.byte	0x1
 288 00d6 0A       		.byte	0xa
 289 00d7 00000000 		.4byte	.LFB35
 290 00db 60000000 		.4byte	.LFE35-.LFB35
 291 00df 01       		.uleb128 0x1
 292 00e0 9C       		.byte	0x9c
 293 00e1 94010000 		.4byte	0x194
 294 00e5 06       		.uleb128 0x6
 295 00e6 70696E00 		.ascii	"pin\000"
 296 00ea 01       		.byte	0x1
 297 00eb 0C       		.byte	0xc
 298 00ec 8C000000 		.4byte	0x8c
 299 00f0 00000000 		.4byte	.LLST0
 300 00f4 07       		.uleb128 0x7
 301 00f5 18000000 		.4byte	.LBB2
 302 00f9 32000000 		.4byte	.LBE2-.LBB2
 303 00fd 81010000 		.4byte	0x181
 304 0101 08       		.uleb128 0x8
 305 0102 61636300 		.ascii	"acc\000"
 306 0106 01       		.byte	0x1
 307 0107 1A       		.byte	0x1a
 308 0108 97000000 		.4byte	0x97
 309 010c 03       		.uleb128 0x3
 310 010d 91       		.byte	0x91
 311 010e 8A7F     		.sleb128 -118
 312 0110 09       		.uleb128 0x9
 313 0111 53010000 		.4byte	.LASF20
 314 0115 01       		.byte	0x1
 315 0116 1B       		.byte	0x1b
 316 0117 A2000000 		.4byte	0xa2
 317 011b 13000000 		.4byte	.LLST1
 318 011f 08       		.uleb128 0x8
 319 0120 746D7000 		.ascii	"tmp\000"
 320 0124 01       		.byte	0x1
 321 0125 1D       		.byte	0x1d
 322 0126 94010000 		.4byte	0x194
 323 012a 03       		.uleb128 0x3
 324 012b 91       		.byte	0x91
 325 012c 8C7F     		.sleb128 -116
 326 012e 09       		.uleb128 0x9
 327 012f 37000000 		.4byte	.LASF21
ARM GAS  C:\Users\MARLOK~1\AppData\Local\Temp\cclu542u.s 			page 8


 328 0133 01       		.byte	0x1
 329 0134 20       		.byte	0x20
 330 0135 A4010000 		.4byte	0x1a4
 331 0139 33000000 		.4byte	.LLST2
 332 013d 0A       		.uleb128 0xa
 333 013e 26000000 		.4byte	.LVL3
 334 0142 20020000 		.4byte	0x220
 335 0146 51010000 		.4byte	0x151
 336 014a 0B       		.uleb128 0xb
 337 014b 01       		.uleb128 0x1
 338 014c 50       		.byte	0x50
 339 014d 02       		.uleb128 0x2
 340 014e 75       		.byte	0x75
 341 014f 00       		.sleb128 0
 342 0150 00       		.byte	0
 343 0151 0A       		.uleb128 0xa
 344 0152 44000000 		.4byte	.LVL5
 345 0156 2B020000 		.4byte	0x22b
 346 015a 6F010000 		.4byte	0x16f
 347 015e 0B       		.uleb128 0xb
 348 015f 01       		.uleb128 0x1
 349 0160 50       		.byte	0x50
 350 0161 03       		.uleb128 0x3
 351 0162 91       		.byte	0x91
 352 0163 8C7F     		.sleb128 -116
 353 0165 0B       		.uleb128 0xb
 354 0166 01       		.uleb128 0x1
 355 0167 51       		.byte	0x51
 356 0168 05       		.uleb128 0x5
 357 0169 03       		.byte	0x3
 358 016a 00000000 		.4byte	.LC1
 359 016e 00       		.byte	0
 360 016f 0C       		.uleb128 0xc
 361 0170 4A000000 		.4byte	.LVL6
 362 0174 36020000 		.4byte	0x236
 363 0178 0B       		.uleb128 0xb
 364 0179 01       		.uleb128 0x1
 365 017a 50       		.byte	0x50
 366 017b 03       		.uleb128 0x3
 367 017c 91       		.byte	0x91
 368 017d 8C7F     		.sleb128 -116
 369 017f 00       		.byte	0
 370 0180 00       		.byte	0
 371 0181 0D       		.uleb128 0xd
 372 0182 0E000000 		.4byte	.LVL0
 373 0186 42020000 		.4byte	0x242
 374 018a 0D       		.uleb128 0xd
 375 018b 14000000 		.4byte	.LVL2
 376 018f 4D020000 		.4byte	0x24d
 377 0193 00       		.byte	0
 378 0194 0E       		.uleb128 0xe
 379 0195 BB000000 		.4byte	0xbb
 380 0199 A4010000 		.4byte	0x1a4
 381 019d 0F       		.uleb128 0xf
 382 019e C9000000 		.4byte	0xc9
 383 01a2 63       		.byte	0x63
 384 01a3 00       		.byte	0
ARM GAS  C:\Users\MARLOK~1\AppData\Local\Temp\cclu542u.s 			page 9


 385 01a4 10       		.uleb128 0x10
 386 01a5 04       		.byte	0x4
 387 01a6 97000000 		.4byte	0x97
 388 01aa 11       		.uleb128 0x11
 389 01ab E9000000 		.4byte	.LASF36
 390 01af 01       		.byte	0x1
 391 01b0 32       		.byte	0x32
 392 01b1 7E000000 		.4byte	0x7e
 393 01b5 00000000 		.4byte	.LFB36
 394 01b9 24000000 		.4byte	.LFE36-.LFB36
 395 01bd 01       		.uleb128 0x1
 396 01be 9C       		.byte	0x9c
 397 01bf 0A020000 		.4byte	0x20a
 398 01c3 0D       		.uleb128 0xd
 399 01c4 08000000 		.4byte	.LVL8
 400 01c8 58020000 		.4byte	0x258
 401 01cc 0D       		.uleb128 0xd
 402 01cd 0C000000 		.4byte	.LVL9
 403 01d1 63020000 		.4byte	0x263
 404 01d5 0A       		.uleb128 0xa
 405 01d6 12000000 		.4byte	.LVL10
 406 01da 6E020000 		.4byte	0x26e
 407 01de EC010000 		.4byte	0x1ec
 408 01e2 0B       		.uleb128 0xb
 409 01e3 01       		.uleb128 0x1
 410 01e4 50       		.byte	0x50
 411 01e5 05       		.uleb128 0x5
 412 01e6 03       		.byte	0x3
 413 01e7 00000000 		.4byte	ACC_ISR_Handler
 414 01eb 00       		.byte	0
 415 01ec 0D       		.uleb128 0xd
 416 01ed 16000000 		.4byte	.LVL11
 417 01f1 79020000 		.4byte	0x279
 418 01f5 0C       		.uleb128 0xc
 419 01f6 1E000000 		.4byte	.LVL12
 420 01fa 84020000 		.4byte	0x284
 421 01fe 0B       		.uleb128 0xb
 422 01ff 01       		.uleb128 0x1
 423 0200 50       		.byte	0x50
 424 0201 01       		.uleb128 0x1
 425 0202 31       		.byte	0x31
 426 0203 0B       		.uleb128 0xb
 427 0204 01       		.uleb128 0x1
 428 0205 51       		.byte	0x51
 429 0206 01       		.uleb128 0x1
 430 0207 33       		.byte	0x33
 431 0208 00       		.byte	0
 432 0209 00       		.byte	0
 433 020a 12       		.uleb128 0x12
 434 020b EE000000 		.4byte	.LASF37
 435 020f 01       		.byte	0x1
 436 0210 08       		.byte	0x8
 437 0211 1B020000 		.4byte	0x21b
 438 0215 05       		.uleb128 0x5
 439 0216 03       		.byte	0x3
 440 0217 00000000 		.4byte	flag
 441 021b 13       		.uleb128 0x13
ARM GAS  C:\Users\MARLOK~1\AppData\Local\Temp\cclu542u.s 			page 10


 442 021c 8C000000 		.4byte	0x8c
 443 0220 14       		.uleb128 0x14
 444 0221 CE010000 		.4byte	.LASF22
 445 0225 CE010000 		.4byte	.LASF22
 446 0229 04       		.byte	0x4
 447 022a 5D       		.byte	0x5d
 448 022b 14       		.uleb128 0x14
 449 022c 6C020000 		.4byte	.LASF23
 450 0230 6C020000 		.4byte	.LASF23
 451 0234 05       		.byte	0x5
 452 0235 E7       		.byte	0xe7
 453 0236 15       		.uleb128 0x15
 454 0237 70000000 		.4byte	.LASF24
 455 023b 70000000 		.4byte	.LASF24
 456 023f 06       		.byte	0x6
 457 0240 2A03     		.2byte	0x32a
 458 0242 14       		.uleb128 0x14
 459 0243 87010000 		.4byte	.LASF25
 460 0247 87010000 		.4byte	.LASF25
 461 024b 07       		.byte	0x7
 462 024c 39       		.byte	0x39
 463 024d 14       		.uleb128 0x14
 464 024e 51000000 		.4byte	.LASF26
 465 0252 51000000 		.4byte	.LASF26
 466 0256 08       		.byte	0x8
 467 0257 28       		.byte	0x28
 468 0258 14       		.uleb128 0x14
 469 0259 CC000000 		.4byte	.LASF27
 470 025d CC000000 		.4byte	.LASF27
 471 0261 09       		.byte	0x9
 472 0262 72       		.byte	0x72
 473 0263 14       		.uleb128 0x14
 474 0264 66000000 		.4byte	.LASF28
 475 0268 66000000 		.4byte	.LASF28
 476 026c 0A       		.byte	0xa
 477 026d 72       		.byte	0x72
 478 026e 14       		.uleb128 0x14
 479 026f 89000000 		.4byte	.LASF29
 480 0273 89000000 		.4byte	.LASF29
 481 0277 08       		.byte	0x8
 482 0278 18       		.byte	0x18
 483 0279 14       		.uleb128 0x14
 484 027a 00010000 		.4byte	.LASF30
 485 027e 00010000 		.4byte	.LASF30
 486 0282 04       		.byte	0x4
 487 0283 59       		.byte	0x59
 488 0284 14       		.uleb128 0x14
 489 0285 67010000 		.4byte	.LASF31
 490 0289 67010000 		.4byte	.LASF31
 491 028d 04       		.byte	0x4
 492 028e 5F       		.byte	0x5f
 493 028f 00       		.byte	0
 494              		.section	.debug_abbrev,"",%progbits
 495              	.Ldebug_abbrev0:
 496 0000 01       		.uleb128 0x1
 497 0001 11       		.uleb128 0x11
 498 0002 01       		.byte	0x1
ARM GAS  C:\Users\MARLOK~1\AppData\Local\Temp\cclu542u.s 			page 11


 499 0003 25       		.uleb128 0x25
 500 0004 0E       		.uleb128 0xe
 501 0005 13       		.uleb128 0x13
 502 0006 0B       		.uleb128 0xb
 503 0007 03       		.uleb128 0x3
 504 0008 0E       		.uleb128 0xe
 505 0009 1B       		.uleb128 0x1b
 506 000a 0E       		.uleb128 0xe
 507 000b 55       		.uleb128 0x55
 508 000c 17       		.uleb128 0x17
 509 000d 11       		.uleb128 0x11
 510 000e 01       		.uleb128 0x1
 511 000f 10       		.uleb128 0x10
 512 0010 17       		.uleb128 0x17
 513 0011 00       		.byte	0
 514 0012 00       		.byte	0
 515 0013 02       		.uleb128 0x2
 516 0014 24       		.uleb128 0x24
 517 0015 00       		.byte	0
 518 0016 0B       		.uleb128 0xb
 519 0017 0B       		.uleb128 0xb
 520 0018 3E       		.uleb128 0x3e
 521 0019 0B       		.uleb128 0xb
 522 001a 03       		.uleb128 0x3
 523 001b 0E       		.uleb128 0xe
 524 001c 00       		.byte	0
 525 001d 00       		.byte	0
 526 001e 03       		.uleb128 0x3
 527 001f 16       		.uleb128 0x16
 528 0020 00       		.byte	0
 529 0021 03       		.uleb128 0x3
 530 0022 0E       		.uleb128 0xe
 531 0023 3A       		.uleb128 0x3a
 532 0024 0B       		.uleb128 0xb
 533 0025 3B       		.uleb128 0x3b
 534 0026 0B       		.uleb128 0xb
 535 0027 49       		.uleb128 0x49
 536 0028 13       		.uleb128 0x13
 537 0029 00       		.byte	0
 538 002a 00       		.byte	0
 539 002b 04       		.uleb128 0x4
 540 002c 24       		.uleb128 0x24
 541 002d 00       		.byte	0
 542 002e 0B       		.uleb128 0xb
 543 002f 0B       		.uleb128 0xb
 544 0030 3E       		.uleb128 0x3e
 545 0031 0B       		.uleb128 0xb
 546 0032 03       		.uleb128 0x3
 547 0033 08       		.uleb128 0x8
 548 0034 00       		.byte	0
 549 0035 00       		.byte	0
 550 0036 05       		.uleb128 0x5
 551 0037 2E       		.uleb128 0x2e
 552 0038 01       		.byte	0x1
 553 0039 3F       		.uleb128 0x3f
 554 003a 19       		.uleb128 0x19
 555 003b 03       		.uleb128 0x3
ARM GAS  C:\Users\MARLOK~1\AppData\Local\Temp\cclu542u.s 			page 12


 556 003c 0E       		.uleb128 0xe
 557 003d 3A       		.uleb128 0x3a
 558 003e 0B       		.uleb128 0xb
 559 003f 3B       		.uleb128 0x3b
 560 0040 0B       		.uleb128 0xb
 561 0041 27       		.uleb128 0x27
 562 0042 19       		.uleb128 0x19
 563 0043 11       		.uleb128 0x11
 564 0044 01       		.uleb128 0x1
 565 0045 12       		.uleb128 0x12
 566 0046 06       		.uleb128 0x6
 567 0047 40       		.uleb128 0x40
 568 0048 18       		.uleb128 0x18
 569 0049 9742     		.uleb128 0x2117
 570 004b 19       		.uleb128 0x19
 571 004c 01       		.uleb128 0x1
 572 004d 13       		.uleb128 0x13
 573 004e 00       		.byte	0
 574 004f 00       		.byte	0
 575 0050 06       		.uleb128 0x6
 576 0051 34       		.uleb128 0x34
 577 0052 00       		.byte	0
 578 0053 03       		.uleb128 0x3
 579 0054 08       		.uleb128 0x8
 580 0055 3A       		.uleb128 0x3a
 581 0056 0B       		.uleb128 0xb
 582 0057 3B       		.uleb128 0x3b
 583 0058 0B       		.uleb128 0xb
 584 0059 49       		.uleb128 0x49
 585 005a 13       		.uleb128 0x13
 586 005b 02       		.uleb128 0x2
 587 005c 17       		.uleb128 0x17
 588 005d 00       		.byte	0
 589 005e 00       		.byte	0
 590 005f 07       		.uleb128 0x7
 591 0060 0B       		.uleb128 0xb
 592 0061 01       		.byte	0x1
 593 0062 11       		.uleb128 0x11
 594 0063 01       		.uleb128 0x1
 595 0064 12       		.uleb128 0x12
 596 0065 06       		.uleb128 0x6
 597 0066 01       		.uleb128 0x1
 598 0067 13       		.uleb128 0x13
 599 0068 00       		.byte	0
 600 0069 00       		.byte	0
 601 006a 08       		.uleb128 0x8
 602 006b 34       		.uleb128 0x34
 603 006c 00       		.byte	0
 604 006d 03       		.uleb128 0x3
 605 006e 08       		.uleb128 0x8
 606 006f 3A       		.uleb128 0x3a
 607 0070 0B       		.uleb128 0xb
 608 0071 3B       		.uleb128 0x3b
 609 0072 0B       		.uleb128 0xb
 610 0073 49       		.uleb128 0x49
 611 0074 13       		.uleb128 0x13
 612 0075 02       		.uleb128 0x2
ARM GAS  C:\Users\MARLOK~1\AppData\Local\Temp\cclu542u.s 			page 13


 613 0076 18       		.uleb128 0x18
 614 0077 00       		.byte	0
 615 0078 00       		.byte	0
 616 0079 09       		.uleb128 0x9
 617 007a 34       		.uleb128 0x34
 618 007b 00       		.byte	0
 619 007c 03       		.uleb128 0x3
 620 007d 0E       		.uleb128 0xe
 621 007e 3A       		.uleb128 0x3a
 622 007f 0B       		.uleb128 0xb
 623 0080 3B       		.uleb128 0x3b
 624 0081 0B       		.uleb128 0xb
 625 0082 49       		.uleb128 0x49
 626 0083 13       		.uleb128 0x13
 627 0084 02       		.uleb128 0x2
 628 0085 17       		.uleb128 0x17
 629 0086 00       		.byte	0
 630 0087 00       		.byte	0
 631 0088 0A       		.uleb128 0xa
 632 0089 898201   		.uleb128 0x4109
 633 008c 01       		.byte	0x1
 634 008d 11       		.uleb128 0x11
 635 008e 01       		.uleb128 0x1
 636 008f 31       		.uleb128 0x31
 637 0090 13       		.uleb128 0x13
 638 0091 01       		.uleb128 0x1
 639 0092 13       		.uleb128 0x13
 640 0093 00       		.byte	0
 641 0094 00       		.byte	0
 642 0095 0B       		.uleb128 0xb
 643 0096 8A8201   		.uleb128 0x410a
 644 0099 00       		.byte	0
 645 009a 02       		.uleb128 0x2
 646 009b 18       		.uleb128 0x18
 647 009c 9142     		.uleb128 0x2111
 648 009e 18       		.uleb128 0x18
 649 009f 00       		.byte	0
 650 00a0 00       		.byte	0
 651 00a1 0C       		.uleb128 0xc
 652 00a2 898201   		.uleb128 0x4109
 653 00a5 01       		.byte	0x1
 654 00a6 11       		.uleb128 0x11
 655 00a7 01       		.uleb128 0x1
 656 00a8 31       		.uleb128 0x31
 657 00a9 13       		.uleb128 0x13
 658 00aa 00       		.byte	0
 659 00ab 00       		.byte	0
 660 00ac 0D       		.uleb128 0xd
 661 00ad 898201   		.uleb128 0x4109
 662 00b0 00       		.byte	0
 663 00b1 11       		.uleb128 0x11
 664 00b2 01       		.uleb128 0x1
 665 00b3 31       		.uleb128 0x31
 666 00b4 13       		.uleb128 0x13
 667 00b5 00       		.byte	0
 668 00b6 00       		.byte	0
 669 00b7 0E       		.uleb128 0xe
ARM GAS  C:\Users\MARLOK~1\AppData\Local\Temp\cclu542u.s 			page 14


 670 00b8 01       		.uleb128 0x1
 671 00b9 01       		.byte	0x1
 672 00ba 49       		.uleb128 0x49
 673 00bb 13       		.uleb128 0x13
 674 00bc 01       		.uleb128 0x1
 675 00bd 13       		.uleb128 0x13
 676 00be 00       		.byte	0
 677 00bf 00       		.byte	0
 678 00c0 0F       		.uleb128 0xf
 679 00c1 21       		.uleb128 0x21
 680 00c2 00       		.byte	0
 681 00c3 49       		.uleb128 0x49
 682 00c4 13       		.uleb128 0x13
 683 00c5 2F       		.uleb128 0x2f
 684 00c6 0B       		.uleb128 0xb
 685 00c7 00       		.byte	0
 686 00c8 00       		.byte	0
 687 00c9 10       		.uleb128 0x10
 688 00ca 0F       		.uleb128 0xf
 689 00cb 00       		.byte	0
 690 00cc 0B       		.uleb128 0xb
 691 00cd 0B       		.uleb128 0xb
 692 00ce 49       		.uleb128 0x49
 693 00cf 13       		.uleb128 0x13
 694 00d0 00       		.byte	0
 695 00d1 00       		.byte	0
 696 00d2 11       		.uleb128 0x11
 697 00d3 2E       		.uleb128 0x2e
 698 00d4 01       		.byte	0x1
 699 00d5 3F       		.uleb128 0x3f
 700 00d6 19       		.uleb128 0x19
 701 00d7 03       		.uleb128 0x3
 702 00d8 0E       		.uleb128 0xe
 703 00d9 3A       		.uleb128 0x3a
 704 00da 0B       		.uleb128 0xb
 705 00db 3B       		.uleb128 0x3b
 706 00dc 0B       		.uleb128 0xb
 707 00dd 27       		.uleb128 0x27
 708 00de 19       		.uleb128 0x19
 709 00df 49       		.uleb128 0x49
 710 00e0 13       		.uleb128 0x13
 711 00e1 8701     		.uleb128 0x87
 712 00e3 19       		.uleb128 0x19
 713 00e4 11       		.uleb128 0x11
 714 00e5 01       		.uleb128 0x1
 715 00e6 12       		.uleb128 0x12
 716 00e7 06       		.uleb128 0x6
 717 00e8 40       		.uleb128 0x40
 718 00e9 18       		.uleb128 0x18
 719 00ea 9742     		.uleb128 0x2117
 720 00ec 19       		.uleb128 0x19
 721 00ed 01       		.uleb128 0x1
 722 00ee 13       		.uleb128 0x13
 723 00ef 00       		.byte	0
 724 00f0 00       		.byte	0
 725 00f1 12       		.uleb128 0x12
 726 00f2 34       		.uleb128 0x34
ARM GAS  C:\Users\MARLOK~1\AppData\Local\Temp\cclu542u.s 			page 15


 727 00f3 00       		.byte	0
 728 00f4 03       		.uleb128 0x3
 729 00f5 0E       		.uleb128 0xe
 730 00f6 3A       		.uleb128 0x3a
 731 00f7 0B       		.uleb128 0xb
 732 00f8 3B       		.uleb128 0x3b
 733 00f9 0B       		.uleb128 0xb
 734 00fa 49       		.uleb128 0x49
 735 00fb 13       		.uleb128 0x13
 736 00fc 3F       		.uleb128 0x3f
 737 00fd 19       		.uleb128 0x19
 738 00fe 02       		.uleb128 0x2
 739 00ff 18       		.uleb128 0x18
 740 0100 00       		.byte	0
 741 0101 00       		.byte	0
 742 0102 13       		.uleb128 0x13
 743 0103 35       		.uleb128 0x35
 744 0104 00       		.byte	0
 745 0105 49       		.uleb128 0x49
 746 0106 13       		.uleb128 0x13
 747 0107 00       		.byte	0
 748 0108 00       		.byte	0
 749 0109 14       		.uleb128 0x14
 750 010a 2E       		.uleb128 0x2e
 751 010b 00       		.byte	0
 752 010c 3F       		.uleb128 0x3f
 753 010d 19       		.uleb128 0x19
 754 010e 3C       		.uleb128 0x3c
 755 010f 19       		.uleb128 0x19
 756 0110 6E       		.uleb128 0x6e
 757 0111 0E       		.uleb128 0xe
 758 0112 03       		.uleb128 0x3
 759 0113 0E       		.uleb128 0xe
 760 0114 3A       		.uleb128 0x3a
 761 0115 0B       		.uleb128 0xb
 762 0116 3B       		.uleb128 0x3b
 763 0117 0B       		.uleb128 0xb
 764 0118 00       		.byte	0
 765 0119 00       		.byte	0
 766 011a 15       		.uleb128 0x15
 767 011b 2E       		.uleb128 0x2e
 768 011c 00       		.byte	0
 769 011d 3F       		.uleb128 0x3f
 770 011e 19       		.uleb128 0x19
 771 011f 3C       		.uleb128 0x3c
 772 0120 19       		.uleb128 0x19
 773 0121 6E       		.uleb128 0x6e
 774 0122 0E       		.uleb128 0xe
 775 0123 03       		.uleb128 0x3
 776 0124 0E       		.uleb128 0xe
 777 0125 3A       		.uleb128 0x3a
 778 0126 0B       		.uleb128 0xb
 779 0127 3B       		.uleb128 0x3b
 780 0128 05       		.uleb128 0x5
 781 0129 00       		.byte	0
 782 012a 00       		.byte	0
 783 012b 00       		.byte	0
ARM GAS  C:\Users\MARLOK~1\AppData\Local\Temp\cclu542u.s 			page 16


 784              		.section	.debug_loc,"",%progbits
 785              	.Ldebug_loc0:
 786              	.LLST0:
 787 0000 10000000 		.4byte	.LVL1
 788 0004 54000000 		.4byte	.LVL7
 789 0008 0100     		.2byte	0x1
 790 000a 56       		.byte	0x56
 791 000b 00000000 		.4byte	0
 792 000f 00000000 		.4byte	0
 793              	.LLST1:
 794 0013 26000000 		.4byte	.LVL3
 795 0017 32000000 		.4byte	.LVL4
 796 001b 0100     		.2byte	0x1
 797 001d 50       		.byte	0x50
 798 001e 32000000 		.4byte	.LVL4
 799 0022 43000000 		.4byte	.LVL5-1
 800 0026 0300     		.2byte	0x3
 801 0028 91       		.byte	0x91
 802 0029 807F     		.sleb128 -128
 803 002b 00000000 		.4byte	0
 804 002f 00000000 		.4byte	0
 805              	.LLST2:
 806 0033 26000000 		.4byte	.LVL3
 807 0037 4A000000 		.4byte	.LVL6
 808 003b 0400     		.2byte	0x4
 809 003d 91       		.byte	0x91
 810 003e 8A7F     		.sleb128 -118
 811 0040 9F       		.byte	0x9f
 812 0041 00000000 		.4byte	0
 813 0045 00000000 		.4byte	0
 814              		.section	.debug_aranges,"",%progbits
 815 0000 24000000 		.4byte	0x24
 816 0004 0200     		.2byte	0x2
 817 0006 00000000 		.4byte	.Ldebug_info0
 818 000a 04       		.byte	0x4
 819 000b 00       		.byte	0
 820 000c 0000     		.2byte	0
 821 000e 0000     		.2byte	0
 822 0010 00000000 		.4byte	.LFB35
 823 0014 60000000 		.4byte	.LFE35-.LFB35
 824 0018 00000000 		.4byte	.LFB36
 825 001c 24000000 		.4byte	.LFE36-.LFB36
 826 0020 00000000 		.4byte	0
 827 0024 00000000 		.4byte	0
 828              		.section	.debug_ranges,"",%progbits
 829              	.Ldebug_ranges0:
 830 0000 00000000 		.4byte	.LFB35
 831 0004 60000000 		.4byte	.LFE35
 832 0008 00000000 		.4byte	.LFB36
 833 000c 24000000 		.4byte	.LFE36
 834 0010 00000000 		.4byte	0
 835 0014 00000000 		.4byte	0
 836              		.section	.debug_line,"",%progbits
 837              	.Ldebug_line0:
 838 0000 2F020000 		.section	.debug_str,"MS",%progbits,1
 838      0200ED01 
 838      00000201 
ARM GAS  C:\Users\MARLOK~1\AppData\Local\Temp\cclu542u.s 			page 17


 838      FB0E0D00 
 838      01010101 
 839              	.LASF34:
 840 0000 433A5C55 		.ascii	"C:\\Users\\marlokistvan\\Documents\\PSoC Creator\\t"
 840      73657273 
 840      5C6D6172 
 840      6C6F6B69 
 840      73747661 
 841 002e 646D2E63 		.ascii	"dm.cydsn\000"
 841      7964736E 
 841      00
 842              	.LASF21:
 843 0037 61636365 		.ascii	"accel\000"
 843      6C00
 844              	.LASF2:
 845 003d 5F5F7569 		.ascii	"__uint8_t\000"
 845      6E74385F 
 845      7400
 846              	.LASF3:
 847 0047 5F5F696E 		.ascii	"__int16_t\000"
 847      7431365F 
 847      7400
 848              	.LASF26:
 849 0051 4143435F 		.ascii	"ACC_ISR_ClearPending\000"
 849      4953525F 
 849      436C6561 
 849      7250656E 
 849      64696E67 
 850              	.LASF28:
 851 0066 4932435F 		.ascii	"I2C_Start\000"
 851      53746172 
 851      7400
 852              	.LASF24:
 853 0070 55415254 		.ascii	"UART_UartPutString\000"
 853      5F556172 
 853      74507574 
 853      53747269 
 853      6E6700
 854              	.LASF15:
 855 0083 666C6F61 		.ascii	"float\000"
 855      7400
 856              	.LASF29:
 857 0089 4143435F 		.ascii	"ACC_ISR_StartEx\000"
 857      4953525F 
 857      53746172 
 857      74457800 
 858              	.LASF1:
 859 0099 756E7369 		.ascii	"unsigned char\000"
 859      676E6564 
 859      20636861 
 859      7200
 860              	.LASF8:
 861 00a7 6C6F6E67 		.ascii	"long unsigned int\000"
 861      20756E73 
 861      69676E65 
 861      6420696E 
 861      7400
ARM GAS  C:\Users\MARLOK~1\AppData\Local\Temp\cclu542u.s 			page 18


 862              	.LASF5:
 863 00b9 73686F72 		.ascii	"short unsigned int\000"
 863      7420756E 
 863      7369676E 
 863      65642069 
 863      6E7400
 864              	.LASF27:
 865 00cc 55415254 		.ascii	"UART_Start\000"
 865      5F537461 
 865      727400
 866              	.LASF16:
 867 00d7 646F7562 		.ascii	"double\000"
 867      6C6500
 868              	.LASF7:
 869 00de 5F5F7569 		.ascii	"__uint32_t\000"
 869      6E743332 
 869      5F7400
 870              	.LASF36:
 871 00e9 6D61696E 		.ascii	"main\000"
 871      00
 872              	.LASF37:
 873 00ee 666C6167 		.ascii	"flag\000"
 873      00
 874              	.LASF11:
 875 00f3 756E7369 		.ascii	"unsigned int\000"
 875      676E6564 
 875      20696E74 
 875      00
 876              	.LASF30:
 877 0100 4D4D4138 		.ascii	"MMA8652_Initialize\000"
 877      3635325F 
 877      496E6974 
 877      69616C69 
 877      7A6500
 878              	.LASF10:
 879 0113 6C6F6E67 		.ascii	"long long unsigned int\000"
 879      206C6F6E 
 879      6720756E 
 879      7369676E 
 879      65642069 
 880              	.LASF12:
 881 012a 75696E74 		.ascii	"uint8_t\000"
 881      385F7400 
 882              	.LASF13:
 883 0132 696E7431 		.ascii	"int16_t\000"
 883      365F7400 
 884              	.LASF35:
 885 013a 4143435F 		.ascii	"ACC_ISR_Handler\000"
 885      4953525F 
 885      48616E64 
 885      6C657200 
 886              	.LASF19:
 887 014a 73697A65 		.ascii	"sizetype\000"
 887      74797065 
 887      00
 888              	.LASF20:
 889 0153 6572726F 		.ascii	"error\000"
ARM GAS  C:\Users\MARLOK~1\AppData\Local\Temp\cclu542u.s 			page 19


 889      7200
 890              	.LASF9:
 891 0159 6C6F6E67 		.ascii	"long long int\000"
 891      206C6F6E 
 891      6720696E 
 891      7400
 892              	.LASF31:
 893 0167 4D4D4138 		.ascii	"MMA8652_MotionSetup\000"
 893      3635325F 
 893      4D6F7469 
 893      6F6E5365 
 893      74757000 
 894              	.LASF33:
 895 017b 6D61696E 		.ascii	"main.c\000"
 895      2E6300
 896              	.LASF17:
 897 0182 63686172 		.ascii	"char\000"
 897      00
 898              	.LASF25:
 899 0187 4143435F 		.ascii	"ACC_ClearInterrupt\000"
 899      436C6561 
 899      72496E74 
 899      65727275 
 899      707400
 900              	.LASF4:
 901 019a 73686F72 		.ascii	"short int\000"
 901      7420696E 
 901      7400
 902              	.LASF14:
 903 01a4 75696E74 		.ascii	"uint32_t\000"
 903      33325F74 
 903      00
 904              	.LASF6:
 905 01ad 6C6F6E67 		.ascii	"long int\000"
 905      20696E74 
 905      00
 906              	.LASF18:
 907 01b6 6C6F6E67 		.ascii	"long double\000"
 907      20646F75 
 907      626C6500 
 908              	.LASF0:
 909 01c2 7369676E 		.ascii	"signed char\000"
 909      65642063 
 909      68617200 
 910              	.LASF22:
 911 01ce 4D4D4138 		.ascii	"MMA8652_ReadAcc\000"
 911      3635325F 
 911      52656164 
 911      41636300 
 912              	.LASF32:
 913 01de 474E5520 		.ascii	"GNU C11 5.4.1 20160609 (release) [ARM/embedded-5-br"
 913      43313120 
 913      352E342E 
 913      31203230 
 913      31363036 
 914 0211 616E6368 		.ascii	"anch revision 237715] -mcpu=cortex-m0 -mthumb -g -O"
 914      20726576 
ARM GAS  C:\Users\MARLOK~1\AppData\Local\Temp\cclu542u.s 			page 20


 914      6973696F 
 914      6E203233 
 914      37373135 
 915 0244 73202D66 		.ascii	"s -ffunction-sections -ffat-lto-objects\000"
 915      66756E63 
 915      74696F6E 
 915      2D736563 
 915      74696F6E 
 916              	.LASF23:
 917 026c 73707269 		.ascii	"sprintf\000"
 917      6E746600 
 918              		.ident	"GCC: (GNU Tools for ARM Embedded Processors) 5.4.1 20160609 (release) [ARM/embedded-5-bran
