#***************************************************************************

#sjplacer

#Version:            1.1

#Build Date:         Dec  5 2017 15:35:27

#File Generated:     Nov 5 2018 14:43:15

#Purpose:            

#Copyright (C) 2010-2011 by Softjin Technologies Pvt Ltd. All rights reserved.

#***************************************************************************

Executing : C:\Program Files (x86)\Cypress\PSoC Creator\4.2\PSoC Creator\bin/sjplacer.exe --proj-name tdm --netlist-vh2 tdm_p.vh2 --arch p4_udb2x4 --arch-file C:\Users\marlokistvan\Documents\PSoC Creator\4.2\Devices\arch/udbdsi_2x4_08.cydata --ip-file C:\Users\marlokistvan\Documents\PSoC Creator\4.2\Devices\psoc4/2/ip_blocks.cydata --rrg-file C:\Users\marlokistvan\Documents\PSoC Creator\4.2\Devices\psoc4/2/route_arch-rrg.cydata --irq-file C:\Users\marlokistvan\Documents\PSoC Creator\4.2\Devices\psoc4/2/irqconn.cydata --drq-file C:\Users\marlokistvan\Documents\PSoC Creator\4.2\Devices\psoc4/2/triggerconn.cydata --dsi-conn-file C:\Users\marlokistvan\Documents\PSoC Creator\4.2\Devices\psoc4/2/dsiconn.cydata --pins-file pins_68-QFN.xml --lib-file tdm_p.lib --sdc-file tdm.sdc --io-pcf tdm.pci --outdir .

		Softjin Techologies Placer, Version 1.1

Build Date : Dec  5 2017	15:33:41

D2004: Option and Settings Summary
=============================================================
Netlist vh2 file          - tdm_p.vh2
Architecture file         - C:\Users\marlokistvan\Documents\PSoC Creator\4.2\Devices\arch/udbdsi_2x4_08.cydata
Package                   - 
Defparam file             - 
SDC file                  - tdm.sdc
Output directory          - .
Timing library            - tdm_p.lib
IO Placement file         - tdm.pci

D2050: Starting reading inputs for placer
=============================================================
D2065: Reading netlist file : "tdm_p.vh2"
D2065: Reading arch file : "C:\Users\marlokistvan\Documents\PSoC Creator\4.2\Devices\arch/udbdsi_2x4_08.cydata"
D2051: Reading of inputs for placer completed successfully

D2053: Starting placement of the design
=============================================================

Phase 2
Phase 3
I2659: No Constrained paths were found. The placer will run in non-timing driven mode.

Design Statistics after Packing
    Number of Combinational MCs 	:	0
    Number of Sequential MCs    	:	0
    Number of DPs               	:	0
    Number of Controls          	:	0
    Number of Status            	:	0
    Number of SyncCells         	:	0
    Number of count7cells       	:	0

Device Utilization Summary after Packing
    Macrocells                  :	0/64
    UDBS                        :	0/8
    IOs                         :	21/78


D2088: Phase 3, elapsed time : 0.0 (sec)

Phase 4
D2088: Phase 4, elapsed time : 0.0 (sec)

Phase 8
D2088: Phase 8, elapsed time : 0.0 (sec)

D2054: Placement of the design completed successfully

I2076: Total run-time: 0.7 sec.

